mode: set
github.com/driangle/vibeview/cmd/vibeview/main.go:23.13,27.16 3 0
github.com/driangle/vibeview/cmd/vibeview/main.go:27.16,30.3 2 0
github.com/driangle/vibeview/cmd/vibeview/main.go:32.2,39.18 7 0
github.com/driangle/vibeview/cmd/vibeview/main.go:39.18,42.3 2 0
github.com/driangle/vibeview/cmd/vibeview/main.go:44.2,49.21 4 0
github.com/driangle/vibeview/cmd/vibeview/main.go:49.21,50.51 1 0
github.com/driangle/vibeview/cmd/vibeview/main.go:50.51,51.54 1 0
github.com/driangle/vibeview/cmd/vibeview/main.go:51.54,53.5 1 0
github.com/driangle/vibeview/cmd/vibeview/main.go:57.2,65.20 3 0
github.com/driangle/vibeview/cmd/vibeview/main.go:65.20,67.17 2 0
github.com/driangle/vibeview/cmd/vibeview/main.go:67.17,70.4 2 0
github.com/driangle/vibeview/cmd/vibeview/main.go:71.3,76.38 6 0
github.com/driangle/vibeview/cmd/vibeview/main.go:77.8,82.20 5 0
github.com/driangle/vibeview/cmd/vibeview/main.go:82.20,84.4 1 0
github.com/driangle/vibeview/cmd/vibeview/main.go:87.2,88.16 2 0
github.com/driangle/vibeview/cmd/vibeview/main.go:88.16,91.3 2 0
github.com/driangle/vibeview/cmd/vibeview/main.go:93.2,96.11 3 0
github.com/driangle/vibeview/cmd/vibeview/main.go:96.11,98.3 1 0
github.com/driangle/vibeview/cmd/vibeview/main.go:101.2,104.12 3 0
github.com/driangle/vibeview/cmd/vibeview/main.go:104.12,109.3 4 0
github.com/driangle/vibeview/cmd/vibeview/main.go:111.2,111.90 1 0
github.com/driangle/vibeview/cmd/vibeview/main.go:111.90,114.3 2 0
github.com/driangle/vibeview/cmd/vibeview/main.go:117.30,119.22 2 0
github.com/driangle/vibeview/cmd/vibeview/main.go:120.16,121.34 1 0
github.com/driangle/vibeview/cmd/vibeview/main.go:122.15,123.38 1 0
github.com/driangle/vibeview/cmd/vibeview/main.go:124.17,125.69 1 0
github.com/driangle/vibeview/cmd/vibeview/main.go:126.10,127.9 1 0
github.com/driangle/vibeview/cmd/vibeview/main.go:129.2,129.11 1 0
github.com/driangle/vibeview/internal/logutil/logutil.go:21.33,22.47 1 0
github.com/driangle/vibeview/internal/logutil/logutil.go:23.15,24.20 1 0
github.com/driangle/vibeview/internal/logutil/logutil.go:25.14,26.19 1 0
github.com/driangle/vibeview/internal/logutil/logutil.go:27.15,28.20 1 0
github.com/driangle/vibeview/internal/logutil/logutil.go:29.10,30.19 1 0
github.com/driangle/vibeview/internal/logutil/logutil.go:34.32,35.11 1 0
github.com/driangle/vibeview/internal/logutil/logutil.go:36.18,37.17 1 0
github.com/driangle/vibeview/internal/logutil/logutil.go:38.17,39.16 1 0
github.com/driangle/vibeview/internal/logutil/logutil.go:40.18,41.17 1 0
github.com/driangle/vibeview/internal/logutil/logutil.go:42.10,43.19 1 0
github.com/driangle/vibeview/internal/logutil/logutil.go:53.24,57.2 3 0
github.com/driangle/vibeview/internal/logutil/logutil.go:60.23,64.2 3 0
github.com/driangle/vibeview/internal/logutil/logutil.go:66.56,70.13 4 0
github.com/driangle/vibeview/internal/logutil/logutil.go:70.13,72.3 1 0
github.com/driangle/vibeview/internal/logutil/logutil.go:73.2,74.49 2 0
github.com/driangle/vibeview/internal/logutil/logutil.go:78.41,78.87 1 0
github.com/driangle/vibeview/internal/logutil/logutil.go:81.40,81.84 1 0
github.com/driangle/vibeview/internal/logutil/logutil.go:84.41,84.87 1 0
github.com/driangle/vibeview/internal/search/search.go:35.77,47.32 6 0
github.com/driangle/vibeview/internal/search/search.go:47.32,48.23 1 0
github.com/driangle/vibeview/internal/search/search.go:48.23,49.9 1 0
github.com/driangle/vibeview/internal/search/search.go:52.3,55.11 4 0
github.com/driangle/vibeview/internal/search/search.go:55.11,56.9 1 0
github.com/driangle/vibeview/internal/search/search.go:59.3,61.13 3 0
github.com/driangle/vibeview/internal/search/search.go:61.13,64.11 2 0
github.com/driangle/vibeview/internal/search/search.go:65.33,66.18 1 0
github.com/driangle/vibeview/internal/search/search.go:66.18,66.33 1 0
github.com/driangle/vibeview/internal/search/search.go:67.22,68.11 1 0
github.com/driangle/vibeview/internal/search/search.go:71.4,74.12 4 0
github.com/driangle/vibeview/internal/search/search.go:74.12,76.5 1 0
github.com/driangle/vibeview/internal/search/search.go:78.4,79.11 2 0
github.com/driangle/vibeview/internal/search/search.go:79.11,81.5 1 0
github.com/driangle/vibeview/internal/search/search.go:83.4,84.33 2 0
github.com/driangle/vibeview/internal/search/search.go:84.33,86.5 1 0
github.com/driangle/vibeview/internal/search/search.go:87.4,87.15 1 0
github.com/driangle/vibeview/internal/search/search.go:91.2,92.16 2 0
github.com/driangle/vibeview/internal/search/search.go:106.130,108.16 2 0
github.com/driangle/vibeview/internal/search/search.go:108.16,110.3 1 0
github.com/driangle/vibeview/internal/search/search.go:111.2,112.16 2 0
github.com/driangle/vibeview/internal/search/search.go:112.16,114.3 1 0
github.com/driangle/vibeview/internal/search/search.go:115.2,120.21 4 0
github.com/driangle/vibeview/internal/search/search.go:120.21,121.23 1 0
github.com/driangle/vibeview/internal/search/search.go:121.23,123.4 1 0
github.com/driangle/vibeview/internal/search/search.go:125.3,128.56 2 0
github.com/driangle/vibeview/internal/search/search.go:128.56,129.12 1 0
github.com/driangle/vibeview/internal/search/search.go:132.3,133.51 2 0
github.com/driangle/vibeview/internal/search/search.go:133.51,134.12 1 0
github.com/driangle/vibeview/internal/search/search.go:136.3,136.24 1 0
github.com/driangle/vibeview/internal/search/search.go:136.24,137.12 1 0
github.com/driangle/vibeview/internal/search/search.go:140.3,140.44 1 0
github.com/driangle/vibeview/internal/search/search.go:140.44,141.48 1 0
github.com/driangle/vibeview/internal/search/search.go:141.48,142.13 1 0
github.com/driangle/vibeview/internal/search/search.go:144.4,145.50 2 0
github.com/driangle/vibeview/internal/search/search.go:145.50,146.13 1 0
github.com/driangle/vibeview/internal/search/search.go:148.4,151.11 1 0
github.com/driangle/vibeview/internal/search/search.go:155.2,155.24 1 0
github.com/driangle/vibeview/internal/search/search.go:160.58,163.13 3 0
github.com/driangle/vibeview/internal/search/search.go:163.13,164.26 1 0
github.com/driangle/vibeview/internal/search/search.go:164.26,166.4 1 0
github.com/driangle/vibeview/internal/search/search.go:167.3,167.31 1 0
github.com/driangle/vibeview/internal/search/search.go:171.2,173.15 3 0
github.com/driangle/vibeview/internal/search/search.go:173.15,175.3 1 0
github.com/driangle/vibeview/internal/search/search.go:176.2,177.21 2 0
github.com/driangle/vibeview/internal/search/search.go:177.21,180.16 3 0
github.com/driangle/vibeview/internal/search/search.go:180.16,182.4 1 0
github.com/driangle/vibeview/internal/search/search.go:185.2,188.15 2 0
github.com/driangle/vibeview/internal/search/search.go:188.15,189.69 1 0
github.com/driangle/vibeview/internal/search/search.go:189.69,191.4 1 0
github.com/driangle/vibeview/internal/search/search.go:192.3,192.28 1 0
github.com/driangle/vibeview/internal/search/search.go:194.2,194.21 1 0
github.com/driangle/vibeview/internal/search/search.go:194.21,195.86 1 0
github.com/driangle/vibeview/internal/search/search.go:195.86,197.4 1 0
github.com/driangle/vibeview/internal/search/search.go:198.3,198.28 1 0
github.com/driangle/vibeview/internal/search/search.go:202.2,203.16 2 0
github.com/driangle/vibeview/internal/spa/spa.go:16.29,20.71 3 0
github.com/driangle/vibeview/internal/spa/spa.go:20.71,24.17 2 0
github.com/driangle/vibeview/internal/spa/spa.go:24.17,25.45 1 0
github.com/driangle/vibeview/internal/spa/spa.go:25.45,29.5 3 0
github.com/driangle/vibeview/internal/spa/spa.go:33.3,34.29 2 0
github.com/driangle/vibeview/internal/claude/claude.go:20.54,23.49 2 1
github.com/driangle/vibeview/internal/claude/claude.go:23.49,26.3 2 1
github.com/driangle/vibeview/internal/claude/claude.go:29.2,30.49 2 1
github.com/driangle/vibeview/internal/claude/claude.go:30.49,32.3 1 0
github.com/driangle/vibeview/internal/claude/claude.go:35.2,35.55 1 1
github.com/driangle/vibeview/internal/claude/claude.go:35.55,38.3 2 0
github.com/driangle/vibeview/internal/claude/claude.go:41.2,42.16 2 1
github.com/driangle/vibeview/internal/claude/claude.go:42.16,44.3 1 0
github.com/driangle/vibeview/internal/claude/claude.go:45.2,46.12 2 1
github.com/driangle/vibeview/internal/claude/claude.go:49.34,51.2 1 1
github.com/driangle/vibeview/internal/claude/claude.go:122.52,130.51 4 1
github.com/driangle/vibeview/internal/claude/claude.go:130.51,132.3 1 0
github.com/driangle/vibeview/internal/claude/claude.go:133.2,137.57 3 1
github.com/driangle/vibeview/internal/claude/claude.go:137.57,138.35 1 1
github.com/driangle/vibeview/internal/claude/claude.go:138.35,139.29 1 1
github.com/driangle/vibeview/internal/claude/claude.go:139.29,140.13 1 1
github.com/driangle/vibeview/internal/claude/claude.go:142.4,142.21 1 0
github.com/driangle/vibeview/internal/claude/claude.go:142.21,144.5 1 0
github.com/driangle/vibeview/internal/claude/claude.go:145.4,146.38 2 0
github.com/driangle/vibeview/internal/claude/claude.go:146.38,148.5 1 0
github.com/driangle/vibeview/internal/claude/claude.go:152.2,152.78 1 1
github.com/driangle/vibeview/internal/claude/claude.go:152.78,154.3 1 1
github.com/driangle/vibeview/internal/claude/claude.go:157.2,157.36 1 1
github.com/driangle/vibeview/internal/claude/claude.go:157.36,159.3 1 1
github.com/driangle/vibeview/internal/claude/claude.go:161.2,162.70 2 1
github.com/driangle/vibeview/internal/claude/claude.go:162.70,164.3 1 0
github.com/driangle/vibeview/internal/claude/claude.go:165.2,166.12 2 1
github.com/driangle/vibeview/internal/claude/claude.go:178.55,187.51 3 1
github.com/driangle/vibeview/internal/claude/claude.go:187.51,189.3 1 0
github.com/driangle/vibeview/internal/claude/claude.go:190.2,194.27 4 1
github.com/driangle/vibeview/internal/claude/claude.go:194.27,196.3 1 0
github.com/driangle/vibeview/internal/claude/claude.go:199.2,199.27 1 1
github.com/driangle/vibeview/internal/claude/claude.go:199.27,201.57 2 1
github.com/driangle/vibeview/internal/claude/claude.go:201.57,203.4 1 0
github.com/driangle/vibeview/internal/claude/claude.go:204.3,205.13 2 1
github.com/driangle/vibeview/internal/claude/claude.go:208.2,208.48 1 1
github.com/driangle/vibeview/internal/claude/claude.go:252.58,254.53 2 1
github.com/driangle/vibeview/internal/claude/claude.go:254.53,256.3 1 1
github.com/driangle/vibeview/internal/claude/claude.go:257.2,257.19 1 1
github.com/driangle/vibeview/internal/claude/claude.go:261.53,263.51 2 1
github.com/driangle/vibeview/internal/claude/claude.go:263.51,265.3 1 1
github.com/driangle/vibeview/internal/claude/claude.go:266.2,266.17 1 1
github.com/driangle/vibeview/internal/claude/claude.go:278.52,280.51 2 1
github.com/driangle/vibeview/internal/claude/claude.go:280.51,282.24 2 1
github.com/driangle/vibeview/internal/claude/claude.go:282.24,284.4 1 0
github.com/driangle/vibeview/internal/claude/claude.go:285.3,285.58 1 1
github.com/driangle/vibeview/internal/claude/claude.go:291.73,297.21 6 1
github.com/driangle/vibeview/internal/claude/claude.go:297.21,300.21 3 1
github.com/driangle/vibeview/internal/claude/claude.go:300.21,301.12 1 0
github.com/driangle/vibeview/internal/claude/claude.go:303.3,304.17 2 1
github.com/driangle/vibeview/internal/claude/claude.go:304.17,307.12 3 1
github.com/driangle/vibeview/internal/claude/claude.go:309.3,309.35 1 1
github.com/driangle/vibeview/internal/claude/claude.go:311.2,311.38 1 1
github.com/driangle/vibeview/internal/claude/claude.go:311.38,313.3 1 0
github.com/driangle/vibeview/internal/claude/claude.go:314.2,314.29 1 1
github.com/driangle/vibeview/internal/claude/claude.go:319.68,325.21 6 1
github.com/driangle/vibeview/internal/claude/claude.go:325.21,328.21 3 1
github.com/driangle/vibeview/internal/claude/claude.go:328.21,329.12 1 0
github.com/driangle/vibeview/internal/claude/claude.go:331.3,332.17 2 1
github.com/driangle/vibeview/internal/claude/claude.go:332.17,335.12 3 1
github.com/driangle/vibeview/internal/claude/claude.go:337.3,337.35 1 1
github.com/driangle/vibeview/internal/claude/claude.go:339.2,339.38 1 1
github.com/driangle/vibeview/internal/claude/claude.go:339.38,341.3 1 0
github.com/driangle/vibeview/internal/claude/claude.go:342.2,342.30 1 1
github.com/driangle/vibeview/internal/claude/claude.go:348.44,351.2 2 1
github.com/driangle/vibeview/internal/claude/claude.go:355.47,357.2 1 1
github.com/driangle/vibeview/internal/claude/pricing.go:26.28,27.24 1 0
github.com/driangle/vibeview/internal/claude/pricing.go:27.24,29.3 1 0
github.com/driangle/vibeview/internal/claude/pricing.go:34.37,36.49 2 0
github.com/driangle/vibeview/internal/claude/pricing.go:36.49,38.3 1 0
github.com/driangle/vibeview/internal/claude/pricing.go:39.2,40.12 2 0
github.com/driangle/vibeview/internal/claude/pricing.go:44.30,46.2 1 0
github.com/driangle/vibeview/internal/claude/pricing.go:49.55,51.38 2 0
github.com/driangle/vibeview/internal/claude/pricing.go:51.38,53.3 1 0
github.com/driangle/vibeview/internal/claude/pricing.go:54.2,54.36 1 0
github.com/driangle/vibeview/internal/claude/pricing.go:54.36,55.37 1 0
github.com/driangle/vibeview/internal/claude/pricing.go:55.37,57.4 1 0
github.com/driangle/vibeview/internal/claude/pricing.go:59.2,59.30 1 0
github.com/driangle/vibeview/internal/claude/pricing.go:65.59,67.9 2 0
github.com/driangle/vibeview/internal/claude/pricing.go:67.9,69.3 1 0
github.com/driangle/vibeview/internal/claude/pricing.go:70.2,74.19 2 0
github.com/driangle/vibeview/internal/logutil/logutil.go:21.33,22.47 1 0
github.com/driangle/vibeview/internal/logutil/logutil.go:23.15,24.20 1 0
github.com/driangle/vibeview/internal/logutil/logutil.go:25.14,26.19 1 0
github.com/driangle/vibeview/internal/logutil/logutil.go:27.15,28.20 1 0
github.com/driangle/vibeview/internal/logutil/logutil.go:29.10,30.19 1 0
github.com/driangle/vibeview/internal/logutil/logutil.go:34.32,35.11 1 0
github.com/driangle/vibeview/internal/logutil/logutil.go:36.18,37.17 1 0
github.com/driangle/vibeview/internal/logutil/logutil.go:38.17,39.16 1 0
github.com/driangle/vibeview/internal/logutil/logutil.go:40.18,41.17 1 0
github.com/driangle/vibeview/internal/logutil/logutil.go:42.10,43.19 1 0
github.com/driangle/vibeview/internal/logutil/logutil.go:53.24,57.2 3 0
github.com/driangle/vibeview/internal/logutil/logutil.go:60.23,64.2 3 0
github.com/driangle/vibeview/internal/logutil/logutil.go:66.56,70.13 4 1
github.com/driangle/vibeview/internal/logutil/logutil.go:70.13,72.3 1 0
github.com/driangle/vibeview/internal/logutil/logutil.go:73.2,74.49 2 1
github.com/driangle/vibeview/internal/logutil/logutil.go:78.41,78.87 1 0
github.com/driangle/vibeview/internal/logutil/logutil.go:81.40,81.84 1 1
github.com/driangle/vibeview/internal/logutil/logutil.go:84.41,84.87 1 0
github.com/driangle/vibeview/internal/insights/commands.go:8.67,11.31 2 1
github.com/driangle/vibeview/internal/insights/commands.go:11.31,12.47 1 1
github.com/driangle/vibeview/internal/insights/commands.go:12.47,13.74 1 1
github.com/driangle/vibeview/internal/insights/commands.go:13.74,14.13 1 1
github.com/driangle/vibeview/internal/insights/commands.go:16.4,17.17 2 1
github.com/driangle/vibeview/internal/insights/commands.go:17.17,18.13 1 1
github.com/driangle/vibeview/internal/insights/commands.go:20.4,24.6 1 1
github.com/driangle/vibeview/internal/insights/commands.go:28.2,28.17 1 1
github.com/driangle/vibeview/internal/insights/errors.go:8.104,11.31 2 1
github.com/driangle/vibeview/internal/insights/errors.go:11.31,12.47 1 1
github.com/driangle/vibeview/internal/insights/errors.go:12.47,13.70 1 1
github.com/driangle/vibeview/internal/insights/errors.go:13.70,14.13 1 1
github.com/driangle/vibeview/internal/insights/errors.go:16.4,17.30 2 1
github.com/driangle/vibeview/internal/insights/errors.go:17.30,18.13 1 1
github.com/driangle/vibeview/internal/insights/errors.go:20.4,22.26 3 1
github.com/driangle/vibeview/internal/insights/errors.go:22.26,24.5 1 1
github.com/driangle/vibeview/internal/insights/errors.go:25.4,29.6 1 1
github.com/driangle/vibeview/internal/insights/errors.go:33.2,33.15 1 1
github.com/driangle/vibeview/internal/insights/extract.go:8.57,23.22 3 1
github.com/driangle/vibeview/internal/insights/extract.go:23.22,25.3 1 0
github.com/driangle/vibeview/internal/insights/extract.go:26.2,26.25 1 1
github.com/driangle/vibeview/internal/insights/extract.go:26.25,28.3 1 1
github.com/driangle/vibeview/internal/insights/extract.go:29.2,29.23 1 1
github.com/driangle/vibeview/internal/insights/extract.go:29.23,31.3 1 1
github.com/driangle/vibeview/internal/insights/extract.go:32.2,32.41 1 1
github.com/driangle/vibeview/internal/insights/extract.go:32.41,34.3 1 0
github.com/driangle/vibeview/internal/insights/extract.go:35.2,35.38 1 1
github.com/driangle/vibeview/internal/insights/extract.go:35.38,37.3 1 0
github.com/driangle/vibeview/internal/insights/extract.go:38.2,38.30 1 1
github.com/driangle/vibeview/internal/insights/extract.go:38.30,40.3 1 1
github.com/driangle/vibeview/internal/insights/extract.go:41.2,41.26 1 1
github.com/driangle/vibeview/internal/insights/extract.go:41.26,43.3 1 1
github.com/driangle/vibeview/internal/insights/extract.go:44.2,44.23 1 1
github.com/driangle/vibeview/internal/insights/extract.go:44.23,46.3 1 0
github.com/driangle/vibeview/internal/insights/extract.go:47.2,47.26 1 1
github.com/driangle/vibeview/internal/insights/extract.go:47.26,49.3 1 1
github.com/driangle/vibeview/internal/insights/extract.go:51.2,51.12 1 1
github.com/driangle/vibeview/internal/insights/files.go:14.58,19.31 4 1
github.com/driangle/vibeview/internal/insights/files.go:19.31,20.47 1 1
github.com/driangle/vibeview/internal/insights/files.go:20.47,21.74 1 1
github.com/driangle/vibeview/internal/insights/files.go:21.74,22.13 1 1
github.com/driangle/vibeview/internal/insights/files.go:24.4,25.22 2 1
github.com/driangle/vibeview/internal/insights/files.go:25.22,26.13 1 1
github.com/driangle/vibeview/internal/insights/files.go:29.4,29.30 1 1
github.com/driangle/vibeview/internal/insights/files.go:29.30,31.5 1 1
github.com/driangle/vibeview/internal/insights/files.go:31.10,31.36 1 1
github.com/driangle/vibeview/internal/insights/files.go:31.36,33.5 1 1
github.com/driangle/vibeview/internal/insights/files.go:35.4,35.22 1 1
github.com/driangle/vibeview/internal/insights/files.go:35.22,44.5 1 1
github.com/driangle/vibeview/internal/insights/files.go:48.2,57.3 3 1
github.com/driangle/vibeview/internal/insights/files.go:60.45,62.19 2 1
github.com/driangle/vibeview/internal/insights/files.go:62.19,64.3 1 1
github.com/driangle/vibeview/internal/insights/files.go:65.2,66.13 2 1
github.com/driangle/vibeview/internal/insights/files.go:69.31,70.13 1 1
github.com/driangle/vibeview/internal/insights/files.go:70.13,72.3 1 1
github.com/driangle/vibeview/internal/insights/files.go:73.2,73.54 1 1
github.com/driangle/vibeview/internal/insights/helpers.go:8.65,9.24 1 1
github.com/driangle/vibeview/internal/insights/helpers.go:9.24,11.3 1 1
github.com/driangle/vibeview/internal/insights/helpers.go:12.2,12.28 1 1
github.com/driangle/vibeview/internal/insights/helpers.go:16.83,18.31 2 1
github.com/driangle/vibeview/internal/insights/helpers.go:18.31,19.63 1 1
github.com/driangle/vibeview/internal/insights/helpers.go:19.63,20.12 1 1
github.com/driangle/vibeview/internal/insights/helpers.go:22.3,22.45 1 1
github.com/driangle/vibeview/internal/insights/helpers.go:22.45,23.60 1 1
github.com/driangle/vibeview/internal/insights/helpers.go:23.60,25.5 1 1
github.com/driangle/vibeview/internal/insights/helpers.go:28.2,28.10 1 1
github.com/driangle/vibeview/internal/insights/helpers.go:33.58,34.26 1 1
github.com/driangle/vibeview/internal/insights/helpers.go:34.26,36.3 1 1
github.com/driangle/vibeview/internal/insights/helpers.go:37.2,37.41 1 1
github.com/driangle/vibeview/internal/insights/helpers.go:37.41,39.3 1 1
github.com/driangle/vibeview/internal/insights/helpers.go:40.2,40.42 1 1
github.com/driangle/vibeview/internal/insights/helpers.go:40.42,41.28 1 1
github.com/driangle/vibeview/internal/insights/helpers.go:41.28,43.11 2 1
github.com/driangle/vibeview/internal/insights/helpers.go:43.11,44.13 1 0
github.com/driangle/vibeview/internal/insights/helpers.go:46.4,46.27 1 1
github.com/driangle/vibeview/internal/insights/helpers.go:46.27,47.57 1 1
github.com/driangle/vibeview/internal/insights/helpers.go:47.57,49.6 1 1
github.com/driangle/vibeview/internal/insights/helpers.go:53.2,53.11 1 1
github.com/driangle/vibeview/internal/insights/messagekind.go:13.53,14.55 1 1
github.com/driangle/vibeview/internal/insights/messagekind.go:14.55,16.3 1 1
github.com/driangle/vibeview/internal/insights/messagekind.go:17.2,18.40 2 1
github.com/driangle/vibeview/internal/insights/messagekind.go:18.40,20.3 1 1
github.com/driangle/vibeview/internal/insights/messagekind.go:21.2,21.11 1 1
github.com/driangle/vibeview/internal/insights/messagekind.go:26.59,29.14 3 1
github.com/driangle/vibeview/internal/insights/messagekind.go:29.14,31.3 1 1
github.com/driangle/vibeview/internal/insights/messagekind.go:32.2,32.11 1 1
github.com/driangle/vibeview/internal/insights/skills.go:19.60,22.45 2 1
github.com/driangle/vibeview/internal/insights/skills.go:22.45,23.39 1 1
github.com/driangle/vibeview/internal/insights/skills.go:23.39,25.4 1 1
github.com/driangle/vibeview/internal/insights/skills.go:25.9,27.4 1 1
github.com/driangle/vibeview/internal/insights/skills.go:30.2,30.31 1 1
github.com/driangle/vibeview/internal/insights/skills.go:30.31,32.47 1 1
github.com/driangle/vibeview/internal/insights/skills.go:32.47,33.79 1 1
github.com/driangle/vibeview/internal/insights/skills.go:33.79,35.20 2 1
github.com/driangle/vibeview/internal/insights/skills.go:35.20,37.6 1 1
github.com/driangle/vibeview/internal/insights/skills.go:42.3,42.63 1 1
github.com/driangle/vibeview/internal/insights/skills.go:42.63,44.69 2 1
github.com/driangle/vibeview/internal/insights/skills.go:44.69,46.5 1 1
github.com/driangle/vibeview/internal/insights/skills.go:50.2,51.32 2 1
github.com/driangle/vibeview/internal/insights/skills.go:51.32,57.3 1 1
github.com/driangle/vibeview/internal/insights/skills.go:58.2,58.41 1 1
github.com/driangle/vibeview/internal/insights/skills.go:58.41,60.3 1 1
github.com/driangle/vibeview/internal/insights/skills.go:61.2,61.15 1 1
github.com/driangle/vibeview/internal/insights/skills.go:64.45,65.24 1 1
github.com/driangle/vibeview/internal/insights/skills.go:65.24,67.3 1 1
github.com/driangle/vibeview/internal/insights/skills.go:68.2,69.23 2 1
github.com/driangle/vibeview/internal/insights/skills.go:69.23,71.3 1 0
github.com/driangle/vibeview/internal/insights/skills.go:72.2,73.32 2 1
github.com/driangle/vibeview/internal/insights/skills.go:73.32,74.47 1 1
github.com/driangle/vibeview/internal/insights/skills.go:74.47,76.4 1 1
github.com/driangle/vibeview/internal/insights/skills.go:78.2,78.34 1 1
github.com/driangle/vibeview/internal/insights/subagents.go:13.110,21.36 5 1
github.com/driangle/vibeview/internal/insights/subagents.go:21.36,24.3 2 1
github.com/driangle/vibeview/internal/insights/subagents.go:25.2,25.35 1 1
github.com/driangle/vibeview/internal/insights/subagents.go:25.35,26.26 1 1
github.com/driangle/vibeview/internal/insights/subagents.go:26.26,29.4 2 1
github.com/driangle/vibeview/internal/insights/subagents.go:32.2,32.15 1 1
github.com/driangle/vibeview/internal/insights/subagents.go:35.74,44.31 4 1
github.com/driangle/vibeview/internal/insights/subagents.go:44.31,45.45 1 1
github.com/driangle/vibeview/internal/insights/subagents.go:45.45,46.12 1 1
github.com/driangle/vibeview/internal/insights/subagents.go:48.3,49.35 2 1
github.com/driangle/vibeview/internal/insights/subagents.go:49.35,50.12 1 1
github.com/driangle/vibeview/internal/insights/subagents.go:52.3,53.42 2 1
github.com/driangle/vibeview/internal/insights/subagents.go:53.42,54.12 1 0
github.com/driangle/vibeview/internal/insights/subagents.go:57.3,57.42 1 1
github.com/driangle/vibeview/internal/insights/subagents.go:57.42,59.4 1 1
github.com/driangle/vibeview/internal/insights/subagents.go:59.9,67.4 3 1
github.com/driangle/vibeview/internal/insights/subagents.go:70.2,71.32 2 1
github.com/driangle/vibeview/internal/insights/subagents.go:71.32,80.3 2 1
github.com/driangle/vibeview/internal/insights/subagents.go:81.2,81.15 1 1
github.com/driangle/vibeview/internal/insights/subagents.go:84.112,87.31 2 1
github.com/driangle/vibeview/internal/insights/subagents.go:87.31,88.47 1 1
github.com/driangle/vibeview/internal/insights/subagents.go:88.47,89.75 1 1
github.com/driangle/vibeview/internal/insights/subagents.go:89.75,90.13 1 1
github.com/driangle/vibeview/internal/insights/subagents.go:93.4,98.47 5 1
github.com/driangle/vibeview/internal/insights/subagents.go:98.47,100.5 1 1
github.com/driangle/vibeview/internal/insights/subagents.go:102.4,103.24 2 1
github.com/driangle/vibeview/internal/insights/subagents.go:103.24,104.69 1 1
github.com/driangle/vibeview/internal/insights/subagents.go:104.69,106.6 1 1
github.com/driangle/vibeview/internal/insights/subagents.go:108.4,108.21 1 1
github.com/driangle/vibeview/internal/insights/subagents.go:108.21,110.5 1 1
github.com/driangle/vibeview/internal/insights/subagents.go:112.4,120.6 1 1
github.com/driangle/vibeview/internal/insights/subagents.go:124.2,124.18 1 1
github.com/driangle/vibeview/internal/insights/tools.go:10.63,13.31 2 1
github.com/driangle/vibeview/internal/insights/tools.go:13.31,14.47 1 1
github.com/driangle/vibeview/internal/insights/tools.go:14.47,15.52 1 1
github.com/driangle/vibeview/internal/insights/tools.go:15.52,17.5 1 1
github.com/driangle/vibeview/internal/insights/tools.go:21.2,22.34 2 1
github.com/driangle/vibeview/internal/insights/tools.go:22.34,24.3 1 1
github.com/driangle/vibeview/internal/insights/tools.go:25.2,25.41 1 1
github.com/driangle/vibeview/internal/insights/tools.go:25.41,27.3 1 1
github.com/driangle/vibeview/internal/insights/tools.go:28.2,28.15 1 1
github.com/driangle/vibeview/internal/insights/worktrees.go:14.110,17.31 2 1
github.com/driangle/vibeview/internal/insights/worktrees.go:17.31,18.47 1 1
github.com/driangle/vibeview/internal/insights/worktrees.go:18.47,19.83 1 1
github.com/driangle/vibeview/internal/insights/worktrees.go:19.83,20.13 1 1
github.com/driangle/vibeview/internal/insights/worktrees.go:23.4,24.23 2 1
github.com/driangle/vibeview/internal/insights/worktrees.go:24.23,26.5 1 1
github.com/driangle/vibeview/internal/insights/worktrees.go:28.4,29.47 2 1
github.com/driangle/vibeview/internal/insights/worktrees.go:29.47,31.63 2 1
github.com/driangle/vibeview/internal/insights/worktrees.go:31.63,33.6 1 1
github.com/driangle/vibeview/internal/insights/worktrees.go:34.5,34.65 1 1
github.com/driangle/vibeview/internal/insights/worktrees.go:34.65,36.6 1 1
github.com/driangle/vibeview/internal/insights/worktrees.go:39.4,44.6 1 1
github.com/driangle/vibeview/internal/insights/worktrees.go:48.2,48.18 1 1
github.com/driangle/vibeview/internal/logutil/logutil.go:21.33,22.47 1 0
github.com/driangle/vibeview/internal/logutil/logutil.go:23.15,24.20 1 0
github.com/driangle/vibeview/internal/logutil/logutil.go:25.14,26.19 1 0
github.com/driangle/vibeview/internal/logutil/logutil.go:27.15,28.20 1 0
github.com/driangle/vibeview/internal/logutil/logutil.go:29.10,30.19 1 0
github.com/driangle/vibeview/internal/logutil/logutil.go:34.32,35.11 1 0
github.com/driangle/vibeview/internal/logutil/logutil.go:36.18,37.17 1 0
github.com/driangle/vibeview/internal/logutil/logutil.go:38.17,39.16 1 0
github.com/driangle/vibeview/internal/logutil/logutil.go:40.18,41.17 1 0
github.com/driangle/vibeview/internal/logutil/logutil.go:42.10,43.19 1 0
github.com/driangle/vibeview/internal/logutil/logutil.go:53.24,57.2 3 0
github.com/driangle/vibeview/internal/logutil/logutil.go:60.23,64.2 3 0
github.com/driangle/vibeview/internal/logutil/logutil.go:66.56,70.13 4 0
github.com/driangle/vibeview/internal/logutil/logutil.go:70.13,72.3 1 0
github.com/driangle/vibeview/internal/logutil/logutil.go:73.2,74.49 2 0
github.com/driangle/vibeview/internal/logutil/logutil.go:78.41,78.87 1 0
github.com/driangle/vibeview/internal/logutil/logutil.go:81.40,81.84 1 0
github.com/driangle/vibeview/internal/logutil/logutil.go:84.41,84.87 1 0
github.com/driangle/vibeview/internal/logutil/logutil.go:21.33,22.47 1 0
github.com/driangle/vibeview/internal/logutil/logutil.go:23.15,24.20 1 0
github.com/driangle/vibeview/internal/logutil/logutil.go:25.14,26.19 1 0
github.com/driangle/vibeview/internal/logutil/logutil.go:27.15,28.20 1 0
github.com/driangle/vibeview/internal/logutil/logutil.go:29.10,30.19 1 0
github.com/driangle/vibeview/internal/logutil/logutil.go:34.32,35.11 1 0
github.com/driangle/vibeview/internal/logutil/logutil.go:36.18,37.17 1 0
github.com/driangle/vibeview/internal/logutil/logutil.go:38.17,39.16 1 0
github.com/driangle/vibeview/internal/logutil/logutil.go:40.18,41.17 1 0
github.com/driangle/vibeview/internal/logutil/logutil.go:42.10,43.19 1 0
github.com/driangle/vibeview/internal/logutil/logutil.go:53.24,57.2 3 0
github.com/driangle/vibeview/internal/logutil/logutil.go:60.23,64.2 3 0
github.com/driangle/vibeview/internal/logutil/logutil.go:66.56,70.13 4 0
github.com/driangle/vibeview/internal/logutil/logutil.go:70.13,72.3 1 0
github.com/driangle/vibeview/internal/logutil/logutil.go:73.2,74.49 2 0
github.com/driangle/vibeview/internal/logutil/logutil.go:78.41,78.87 1 0
github.com/driangle/vibeview/internal/logutil/logutil.go:81.40,81.84 1 0
github.com/driangle/vibeview/internal/logutil/logutil.go:84.41,84.87 1 0
github.com/driangle/vibeview/internal/pidcheck/pidcheck.go:35.44,37.40 2 1
github.com/driangle/vibeview/internal/pidcheck/pidcheck.go:37.40,39.3 1 1
github.com/driangle/vibeview/internal/pidcheck/pidcheck.go:40.2,44.3 1 1
github.com/driangle/vibeview/internal/pidcheck/pidcheck.go:49.57,54.11 4 1
github.com/driangle/vibeview/internal/pidcheck/pidcheck.go:54.11,56.3 1 1
github.com/driangle/vibeview/internal/pidcheck/pidcheck.go:58.2,63.9 5 1
github.com/driangle/vibeview/internal/pidcheck/pidcheck.go:63.9,69.3 1 1
github.com/driangle/vibeview/internal/pidcheck/pidcheck.go:71.2,72.16 2 1
github.com/driangle/vibeview/internal/pidcheck/pidcheck.go:72.16,74.3 1 0
github.com/driangle/vibeview/internal/pidcheck/pidcheck.go:75.2,75.14 1 1
github.com/driangle/vibeview/internal/pidcheck/pidcheck.go:79.29,81.2 1 0
github.com/driangle/vibeview/internal/pidcheck/pidcheck.go:83.26,85.16 2 1
github.com/driangle/vibeview/internal/pidcheck/pidcheck.go:85.16,88.3 2 0
github.com/driangle/vibeview/internal/pidcheck/pidcheck.go:90.2,91.28 2 1
github.com/driangle/vibeview/internal/pidcheck/pidcheck.go:91.28,92.53 1 1
github.com/driangle/vibeview/internal/pidcheck/pidcheck.go:92.53,93.12 1 0
github.com/driangle/vibeview/internal/pidcheck/pidcheck.go:95.3,96.17 2 1
github.com/driangle/vibeview/internal/pidcheck/pidcheck.go:96.17,97.12 1 0
github.com/driangle/vibeview/internal/pidcheck/pidcheck.go:99.3,100.51 2 1
github.com/driangle/vibeview/internal/pidcheck/pidcheck.go:100.51,101.12 1 0
github.com/driangle/vibeview/internal/pidcheck/pidcheck.go:103.3,103.25 1 1
github.com/driangle/vibeview/internal/pidcheck/pidcheck.go:103.25,105.4 1 1
github.com/driangle/vibeview/internal/pidcheck/pidcheck.go:108.2,111.15 4 1
github.com/driangle/vibeview/internal/pidcheck/process_unix.go:12.46,14.16 2 1
github.com/driangle/vibeview/internal/pidcheck/process_unix.go:14.16,16.3 1 1
github.com/driangle/vibeview/internal/pidcheck/process_unix.go:17.2,17.35 1 1
github.com/driangle/vibeview/internal/pidcheck/process_unix.go:17.35,19.3 1 1
github.com/driangle/vibeview/internal/pidcheck/process_unix.go:21.2,21.18 1 0
github.com/driangle/vibeview/internal/pathutil/pathutil.go:15.41,16.39 1 1
github.com/driangle/vibeview/internal/pathutil/pathutil.go:16.39,18.3 1 1
github.com/driangle/vibeview/internal/pathutil/pathutil.go:19.2,19.12 1 1
github.com/driangle/vibeview/internal/pathutil/pathutil.go:24.56,26.16 2 1
github.com/driangle/vibeview/internal/pathutil/pathutil.go:26.16,28.3 1 1
github.com/driangle/vibeview/internal/pathutil/pathutil.go:30.2,31.16 2 1
github.com/driangle/vibeview/internal/pathutil/pathutil.go:31.16,33.3 1 0
github.com/driangle/vibeview/internal/pathutil/pathutil.go:35.2,38.106 3 1
github.com/driangle/vibeview/internal/pathutil/pathutil.go:38.106,40.3 1 1
github.com/driangle/vibeview/internal/pathutil/pathutil.go:42.2,42.22 1 1
github.com/driangle/vibeview/internal/pathutil/pathutil.go:45.42,47.2 1 1
github.com/driangle/vibeview/internal/pathutil/pathutil.go:50.43,52.16 2 1
github.com/driangle/vibeview/internal/pathutil/pathutil.go:52.16,54.3 1 0
github.com/driangle/vibeview/internal/pathutil/pathutil.go:55.2,55.45 1 1
github.com/driangle/vibeview/internal/logutil/logutil.go:21.33,22.47 1 0
github.com/driangle/vibeview/internal/logutil/logutil.go:23.15,24.20 1 0
github.com/driangle/vibeview/internal/logutil/logutil.go:25.14,26.19 1 0
github.com/driangle/vibeview/internal/logutil/logutil.go:27.15,28.20 1 0
github.com/driangle/vibeview/internal/logutil/logutil.go:29.10,30.19 1 0
github.com/driangle/vibeview/internal/logutil/logutil.go:34.32,35.11 1 0
github.com/driangle/vibeview/internal/logutil/logutil.go:36.18,37.17 1 0
github.com/driangle/vibeview/internal/logutil/logutil.go:38.17,39.16 1 0
github.com/driangle/vibeview/internal/logutil/logutil.go:40.18,41.17 1 0
github.com/driangle/vibeview/internal/logutil/logutil.go:42.10,43.19 1 0
github.com/driangle/vibeview/internal/logutil/logutil.go:53.24,57.2 3 0
github.com/driangle/vibeview/internal/logutil/logutil.go:60.23,64.2 3 0
github.com/driangle/vibeview/internal/logutil/logutil.go:66.56,70.13 4 0
github.com/driangle/vibeview/internal/logutil/logutil.go:70.13,72.3 1 0
github.com/driangle/vibeview/internal/logutil/logutil.go:73.2,74.49 2 0
github.com/driangle/vibeview/internal/logutil/logutil.go:78.41,78.87 1 0
github.com/driangle/vibeview/internal/logutil/logutil.go:81.40,81.84 1 0
github.com/driangle/vibeview/internal/logutil/logutil.go:84.41,84.87 1 0
github.com/driangle/vibeview/internal/search/search.go:35.77,47.32 6 0
github.com/driangle/vibeview/internal/search/search.go:47.32,48.23 1 0
github.com/driangle/vibeview/internal/search/search.go:48.23,49.9 1 0
github.com/driangle/vibeview/internal/search/search.go:52.3,55.11 4 0
github.com/driangle/vibeview/internal/search/search.go:55.11,56.9 1 0
github.com/driangle/vibeview/internal/search/search.go:59.3,61.13 3 0
github.com/driangle/vibeview/internal/search/search.go:61.13,64.11 2 0
github.com/driangle/vibeview/internal/search/search.go:65.33,66.18 1 0
github.com/driangle/vibeview/internal/search/search.go:66.18,66.33 1 0
github.com/driangle/vibeview/internal/search/search.go:67.22,68.11 1 0
github.com/driangle/vibeview/internal/search/search.go:71.4,74.12 4 0
github.com/driangle/vibeview/internal/search/search.go:74.12,76.5 1 0
github.com/driangle/vibeview/internal/search/search.go:78.4,79.11 2 0
github.com/driangle/vibeview/internal/search/search.go:79.11,81.5 1 0
github.com/driangle/vibeview/internal/search/search.go:83.4,84.33 2 0
github.com/driangle/vibeview/internal/search/search.go:84.33,86.5 1 0
github.com/driangle/vibeview/internal/search/search.go:87.4,87.15 1 0
github.com/driangle/vibeview/internal/search/search.go:91.2,92.16 2 0
github.com/driangle/vibeview/internal/search/search.go:106.130,108.16 2 0
github.com/driangle/vibeview/internal/search/search.go:108.16,110.3 1 0
github.com/driangle/vibeview/internal/search/search.go:111.2,112.16 2 0
github.com/driangle/vibeview/internal/search/search.go:112.16,114.3 1 0
github.com/driangle/vibeview/internal/search/search.go:115.2,120.21 4 0
github.com/driangle/vibeview/internal/search/search.go:120.21,121.23 1 0
github.com/driangle/vibeview/internal/search/search.go:121.23,123.4 1 0
github.com/driangle/vibeview/internal/search/search.go:125.3,128.56 2 0
github.com/driangle/vibeview/internal/search/search.go:128.56,129.12 1 0
github.com/driangle/vibeview/internal/search/search.go:132.3,133.51 2 0
github.com/driangle/vibeview/internal/search/search.go:133.51,134.12 1 0
github.com/driangle/vibeview/internal/search/search.go:136.3,136.24 1 0
github.com/driangle/vibeview/internal/search/search.go:136.24,137.12 1 0
github.com/driangle/vibeview/internal/search/search.go:140.3,140.44 1 0
github.com/driangle/vibeview/internal/search/search.go:140.44,141.48 1 0
github.com/driangle/vibeview/internal/search/search.go:141.48,142.13 1 0
github.com/driangle/vibeview/internal/search/search.go:144.4,145.50 2 0
github.com/driangle/vibeview/internal/search/search.go:145.50,146.13 1 0
github.com/driangle/vibeview/internal/search/search.go:148.4,151.11 1 0
github.com/driangle/vibeview/internal/search/search.go:155.2,155.24 1 0
github.com/driangle/vibeview/internal/search/search.go:160.58,163.13 3 0
github.com/driangle/vibeview/internal/search/search.go:163.13,164.26 1 0
github.com/driangle/vibeview/internal/search/search.go:164.26,166.4 1 0
github.com/driangle/vibeview/internal/search/search.go:167.3,167.31 1 0
github.com/driangle/vibeview/internal/search/search.go:171.2,173.15 3 0
github.com/driangle/vibeview/internal/search/search.go:173.15,175.3 1 0
github.com/driangle/vibeview/internal/search/search.go:176.2,177.21 2 0
github.com/driangle/vibeview/internal/search/search.go:177.21,180.16 3 0
github.com/driangle/vibeview/internal/search/search.go:180.16,182.4 1 0
github.com/driangle/vibeview/internal/search/search.go:185.2,188.15 2 0
github.com/driangle/vibeview/internal/search/search.go:188.15,189.69 1 0
github.com/driangle/vibeview/internal/search/search.go:189.69,191.4 1 0
github.com/driangle/vibeview/internal/search/search.go:192.3,192.28 1 0
github.com/driangle/vibeview/internal/search/search.go:194.2,194.21 1 0
github.com/driangle/vibeview/internal/search/search.go:194.21,195.86 1 0
github.com/driangle/vibeview/internal/search/search.go:195.86,197.4 1 0
github.com/driangle/vibeview/internal/search/search.go:198.3,198.28 1 0
github.com/driangle/vibeview/internal/search/search.go:202.2,203.16 2 0
github.com/driangle/vibeview/internal/server/server.go:52.39,54.16 2 1
github.com/driangle/vibeview/internal/server/server.go:54.16,57.17 3 1
github.com/driangle/vibeview/internal/server/server.go:57.17,59.4 1 0
github.com/driangle/vibeview/internal/server/server.go:63.2,64.21 2 1
github.com/driangle/vibeview/internal/server/server.go:64.21,65.56 1 1
github.com/driangle/vibeview/internal/server/server.go:65.56,68.4 2 0
github.com/driangle/vibeview/internal/server/server.go:71.2,72.16 2 1
github.com/driangle/vibeview/internal/server/server.go:72.16,74.3 1 0
github.com/driangle/vibeview/internal/server/server.go:76.2,88.21 3 1
github.com/driangle/vibeview/internal/server/server.go:88.21,93.3 2 1
github.com/driangle/vibeview/internal/server/server.go:95.2,95.15 1 1
github.com/driangle/vibeview/internal/server/server.go:98.27,112.2 11 1
github.com/driangle/vibeview/internal/server/server.go:116.49,121.2 3 0
github.com/driangle/vibeview/internal/server/server.go:124.54,127.2 2 0
github.com/driangle/vibeview/internal/server/server.go:130.53,140.2 2 1
github.com/driangle/vibeview/internal/server/server.go:143.60,145.71 2 1
github.com/driangle/vibeview/internal/server/server.go:145.71,147.35 2 1
github.com/driangle/vibeview/internal/server/server.go:147.35,152.4 4 1
github.com/driangle/vibeview/internal/server/server.go:153.3,153.37 1 1
github.com/driangle/vibeview/internal/server/server.go:153.37,156.4 2 1
github.com/driangle/vibeview/internal/server/server.go:157.3,157.23 1 1
github.com/driangle/vibeview/internal/server/server.go:163.71,170.2 1 0
github.com/driangle/vibeview/internal/server/server.go:172.71,174.2 1 1
github.com/driangle/vibeview/internal/server/server.go:176.72,180.2 3 0
github.com/driangle/vibeview/internal/server/server.go:182.76,184.16 2 0
github.com/driangle/vibeview/internal/server/server.go:184.16,187.3 2 0
github.com/driangle/vibeview/internal/server/server.go:188.2,188.38 1 0
github.com/driangle/vibeview/internal/server/server.go:191.79,194.16 3 0
github.com/driangle/vibeview/internal/server/server.go:194.16,197.3 2 0
github.com/driangle/vibeview/internal/server/server.go:198.2,198.29 1 0
github.com/driangle/vibeview/internal/server/server.go:198.29,201.3 2 0
github.com/driangle/vibeview/internal/server/server.go:203.2,204.16 2 0
github.com/driangle/vibeview/internal/server/server.go:204.16,207.3 2 0
github.com/driangle/vibeview/internal/server/server.go:209.2,210.16 2 0
github.com/driangle/vibeview/internal/server/server.go:210.16,213.3 2 0
github.com/driangle/vibeview/internal/server/server.go:215.2,215.62 1 0
github.com/driangle/vibeview/internal/server/server.go:215.62,217.69 2 0
github.com/driangle/vibeview/internal/server/server.go:217.69,219.4 1 0
github.com/driangle/vibeview/internal/server/server.go:220.3,221.9 2 0
github.com/driangle/vibeview/internal/server/server.go:224.2,224.37 1 0
github.com/driangle/vibeview/internal/server/server.go:227.77,229.60 2 1
github.com/driangle/vibeview/internal/server/server.go:229.60,231.31 2 1
github.com/driangle/vibeview/internal/server/server.go:231.31,232.45 1 1
github.com/driangle/vibeview/internal/server/server.go:232.45,234.5 1 1
github.com/driangle/vibeview/internal/server/server.go:236.3,236.22 1 1
github.com/driangle/vibeview/internal/server/server.go:239.2,239.54 1 1
github.com/driangle/vibeview/internal/server/server.go:239.54,241.31 2 0
github.com/driangle/vibeview/internal/server/server.go:241.31,242.25 1 0
github.com/driangle/vibeview/internal/server/server.go:242.25,244.5 1 0
github.com/driangle/vibeview/internal/server/server.go:246.3,246.22 1 0
github.com/driangle/vibeview/internal/server/server.go:249.2,249.62 1 1
github.com/driangle/vibeview/internal/server/server.go:249.62,251.31 2 0
github.com/driangle/vibeview/internal/server/server.go:251.31,252.33 1 0
github.com/driangle/vibeview/internal/server/server.go:252.33,254.5 1 0
github.com/driangle/vibeview/internal/server/server.go:256.3,256.22 1 0
github.com/driangle/vibeview/internal/server/server.go:259.2,259.42 1 1
github.com/driangle/vibeview/internal/server/server.go:259.42,262.31 3 1
github.com/driangle/vibeview/internal/server/server.go:262.31,265.62 1 1
github.com/driangle/vibeview/internal/server/server.go:265.62,267.5 1 1
github.com/driangle/vibeview/internal/server/server.go:269.3,269.22 1 1
github.com/driangle/vibeview/internal/server/server.go:272.2,272.57 1 1
github.com/driangle/vibeview/internal/server/server.go:272.57,273.67 1 0
github.com/driangle/vibeview/internal/server/server.go:273.67,275.32 2 0
github.com/driangle/vibeview/internal/server/server.go:275.32,276.31 1 0
github.com/driangle/vibeview/internal/server/server.go:276.31,278.6 1 0
github.com/driangle/vibeview/internal/server/server.go:280.4,280.23 1 0
github.com/driangle/vibeview/internal/server/server.go:283.2,283.51 1 1
github.com/driangle/vibeview/internal/server/server.go:283.51,284.63 1 0
github.com/driangle/vibeview/internal/server/server.go:284.63,286.32 2 0
github.com/driangle/vibeview/internal/server/server.go:286.32,287.29 1 0
github.com/driangle/vibeview/internal/server/server.go:287.29,289.6 1 0
github.com/driangle/vibeview/internal/server/server.go:291.4,291.23 1 0
github.com/driangle/vibeview/internal/server/server.go:295.2,298.60 2 1
github.com/driangle/vibeview/internal/server/server.go:298.60,300.30 2 0
github.com/driangle/vibeview/internal/server/server.go:300.30,301.20 1 0
github.com/driangle/vibeview/internal/server/server.go:301.20,303.5 1 0
github.com/driangle/vibeview/internal/server/server.go:304.4,305.65 2 0
github.com/driangle/vibeview/internal/server/server.go:305.65,306.63 1 0
github.com/driangle/vibeview/internal/server/server.go:306.63,308.6 1 0
github.com/driangle/vibeview/internal/server/server.go:310.4,310.31 1 0
github.com/driangle/vibeview/internal/server/server.go:310.31,312.5 1 0
github.com/driangle/vibeview/internal/server/server.go:312.10,314.28 2 0
github.com/driangle/vibeview/internal/server/server.go:314.28,316.6 1 0
github.com/driangle/vibeview/internal/server/server.go:317.5,317.36 1 0
github.com/driangle/vibeview/internal/server/server.go:322.2,323.29 2 1
github.com/driangle/vibeview/internal/server/server.go:323.29,325.3 1 1
github.com/driangle/vibeview/internal/server/server.go:326.2,329.4 1 1
github.com/driangle/vibeview/internal/server/server.go:332.75,336.17 3 1
github.com/driangle/vibeview/internal/server/server.go:336.17,339.3 2 1
github.com/driangle/vibeview/internal/server/server.go:341.2,342.16 2 1
github.com/driangle/vibeview/internal/server/server.go:342.16,345.3 2 0
github.com/driangle/vibeview/internal/server/server.go:346.2,347.16 2 1
github.com/driangle/vibeview/internal/server/server.go:347.16,350.3 2 0
github.com/driangle/vibeview/internal/server/server.go:351.2,354.16 3 1
github.com/driangle/vibeview/internal/server/server.go:354.16,357.3 2 0
github.com/driangle/vibeview/internal/server/server.go:359.2,360.31 2 1
github.com/driangle/vibeview/internal/server/server.go:360.31,362.3 1 1
github.com/driangle/vibeview/internal/server/server.go:364.2,372.35 3 1
github.com/driangle/vibeview/internal/server/server.go:375.78,378.36 2 0
github.com/driangle/vibeview/internal/server/server.go:378.36,381.3 2 0
github.com/driangle/vibeview/internal/server/server.go:383.2,384.9 2 0
github.com/driangle/vibeview/internal/server/server.go:384.9,387.3 2 0
github.com/driangle/vibeview/internal/server/server.go:389.2,390.16 2 0
github.com/driangle/vibeview/internal/server/server.go:390.16,393.3 2 0
github.com/driangle/vibeview/internal/server/server.go:394.2,403.6 8 0
github.com/driangle/vibeview/internal/server/server.go:403.6,404.10 1 0
github.com/driangle/vibeview/internal/server/server.go:405.21,406.10 1 0
github.com/driangle/vibeview/internal/server/server.go:407.37,408.11 1 0
github.com/driangle/vibeview/internal/server/server.go:408.11,410.5 1 0
github.com/driangle/vibeview/internal/server/server.go:411.4,412.19 2 0
github.com/driangle/vibeview/internal/server/server.go:417.71,419.13 2 0
github.com/driangle/vibeview/internal/server/server.go:419.13,422.3 2 0
github.com/driangle/vibeview/internal/server/server.go:424.2,425.60 2 0
github.com/driangle/vibeview/internal/server/server.go:425.60,426.60 1 0
github.com/driangle/vibeview/internal/server/server.go:426.60,428.4 1 0
github.com/driangle/vibeview/internal/server/server.go:430.2,430.17 1 0
github.com/driangle/vibeview/internal/server/server.go:430.17,432.3 1 0
github.com/driangle/vibeview/internal/server/server.go:434.2,444.28 3 0
github.com/driangle/vibeview/internal/server/server.go:444.28,449.3 1 0
github.com/driangle/vibeview/internal/server/server.go:450.2,450.35 1 0
github.com/driangle/vibeview/internal/server/server.go:453.73,458.33 3 0
github.com/driangle/vibeview/internal/server/server.go:458.33,459.23 1 0
github.com/driangle/vibeview/internal/server/server.go:459.23,461.4 1 0
github.com/driangle/vibeview/internal/server/server.go:463.2,464.28 2 0
github.com/driangle/vibeview/internal/server/server.go:464.28,466.3 1 0
github.com/driangle/vibeview/internal/server/server.go:467.2,471.60 3 0
github.com/driangle/vibeview/internal/server/server.go:471.60,473.31 2 0
github.com/driangle/vibeview/internal/server/server.go:473.31,474.45 1 0
github.com/driangle/vibeview/internal/server/server.go:474.45,476.5 1 0
github.com/driangle/vibeview/internal/server/server.go:478.3,478.22 1 0
github.com/driangle/vibeview/internal/server/server.go:481.2,483.30 3 0
github.com/driangle/vibeview/internal/server/server.go:483.30,484.24 1 0
github.com/driangle/vibeview/internal/server/server.go:484.24,485.12 1 0
github.com/driangle/vibeview/internal/server/server.go:487.3,489.25 3 0
github.com/driangle/vibeview/internal/server/server.go:492.2,493.37 2 0
github.com/driangle/vibeview/internal/server/server.go:493.37,495.3 1 0
github.com/driangle/vibeview/internal/server/server.go:496.2,496.39 1 0
github.com/driangle/vibeview/internal/server/server.go:496.39,496.77 1 0
github.com/driangle/vibeview/internal/server/server.go:498.2,499.26 2 0
github.com/driangle/vibeview/internal/server/server.go:499.26,501.3 1 0
github.com/driangle/vibeview/internal/server/server.go:503.2,503.93 1 0
github.com/driangle/vibeview/internal/server/server.go:591.63,603.2 1 1
github.com/driangle/vibeview/internal/server/server.go:605.60,618.2 1 1
github.com/driangle/vibeview/internal/server/server.go:620.31,621.13 1 1
github.com/driangle/vibeview/internal/server/server.go:621.13,623.3 1 1
github.com/driangle/vibeview/internal/server/server.go:624.2,624.54 1 1
github.com/driangle/vibeview/internal/server/server.go:627.58,630.53 3 1
github.com/driangle/vibeview/internal/server/server.go:630.53,632.3 1 0
github.com/driangle/vibeview/internal/spa/spa.go:16.29,20.71 3 1
github.com/driangle/vibeview/internal/spa/spa.go:20.71,24.17 2 0
github.com/driangle/vibeview/internal/spa/spa.go:24.17,25.45 1 0
github.com/driangle/vibeview/internal/spa/spa.go:25.45,29.5 3 0
github.com/driangle/vibeview/internal/spa/spa.go:33.3,34.29 2 0
github.com/driangle/vibeview/internal/settings/settings.go:46.25,59.2 1 1
github.com/driangle/vibeview/internal/settings/settings.go:63.42,67.24 3 1
github.com/driangle/vibeview/internal/settings/settings.go:67.24,69.3 1 1
github.com/driangle/vibeview/internal/settings/settings.go:70.2,70.16 1 1
github.com/driangle/vibeview/internal/settings/settings.go:70.16,72.3 1 0
github.com/driangle/vibeview/internal/settings/settings.go:74.2,74.49 1 1
github.com/driangle/vibeview/internal/settings/settings.go:74.49,76.3 1 0
github.com/driangle/vibeview/internal/settings/settings.go:79.2,79.33 1 1
github.com/driangle/vibeview/internal/settings/settings.go:79.33,81.3 1 0
github.com/driangle/vibeview/internal/settings/settings.go:83.2,83.15 1 1
github.com/driangle/vibeview/internal/settings/settings.go:87.42,88.36 1 1
github.com/driangle/vibeview/internal/settings/settings.go:88.36,90.3 1 1
github.com/driangle/vibeview/internal/settings/settings.go:92.2,92.63 1 1
github.com/driangle/vibeview/internal/settings/settings.go:92.63,94.3 1 0
github.com/driangle/vibeview/internal/settings/settings.go:96.2,97.16 2 1
github.com/driangle/vibeview/internal/settings/settings.go:97.16,99.3 1 0
github.com/driangle/vibeview/internal/settings/settings.go:101.2,101.40 1 1
github.com/driangle/vibeview/internal/settings/settings.go:105.33,108.27 2 1
github.com/driangle/vibeview/internal/settings/settings.go:108.27,110.3 1 1
github.com/driangle/vibeview/internal/settings/settings.go:111.2,111.45 1 1
github.com/driangle/vibeview/internal/settings/settings.go:111.45,113.3 1 1
github.com/driangle/vibeview/internal/settings/settings.go:114.2,114.51 1 1
github.com/driangle/vibeview/internal/settings/settings.go:114.51,116.3 1 1
github.com/driangle/vibeview/internal/settings/settings.go:117.2,117.41 1 1
github.com/driangle/vibeview/internal/settings/settings.go:117.41,119.3 1 1
github.com/driangle/vibeview/internal/settings/settings.go:120.2,120.37 1 1
github.com/driangle/vibeview/internal/settings/settings.go:120.37,122.3 1 1
github.com/driangle/vibeview/internal/settings/settings.go:123.2,123.59 1 1
github.com/driangle/vibeview/internal/settings/settings.go:123.59,125.3 1 1
github.com/driangle/vibeview/internal/settings/settings.go:126.2,126.55 1 1
github.com/driangle/vibeview/internal/settings/settings.go:126.55,128.3 1 1
github.com/driangle/vibeview/internal/settings/settings.go:129.2,129.62 1 1
github.com/driangle/vibeview/internal/settings/settings.go:129.62,131.3 1 1
github.com/driangle/vibeview/internal/settings/settings.go:133.2,133.19 1 1
github.com/driangle/vibeview/internal/settings/settings.go:133.19,135.3 1 1
github.com/driangle/vibeview/internal/settings/settings.go:136.2,136.12 1 1
github.com/driangle/vibeview/internal/settings/settings.go:141.51,144.27 2 0
github.com/driangle/vibeview/internal/settings/settings.go:144.27,146.3 1 0
github.com/driangle/vibeview/internal/settings/settings.go:147.2,147.45 1 0
github.com/driangle/vibeview/internal/settings/settings.go:147.45,149.3 1 0
github.com/driangle/vibeview/internal/settings/settings.go:150.2,150.51 1 0
github.com/driangle/vibeview/internal/settings/settings.go:150.51,152.3 1 0
github.com/driangle/vibeview/internal/settings/settings.go:153.2,153.41 1 0
github.com/driangle/vibeview/internal/settings/settings.go:153.41,155.3 1 0
github.com/driangle/vibeview/internal/settings/settings.go:156.2,156.37 1 0
github.com/driangle/vibeview/internal/settings/settings.go:156.37,158.3 1 0
github.com/driangle/vibeview/internal/settings/settings.go:159.2,159.59 1 0
github.com/driangle/vibeview/internal/settings/settings.go:159.59,161.3 1 0
github.com/driangle/vibeview/internal/settings/settings.go:162.2,162.55 1 0
github.com/driangle/vibeview/internal/settings/settings.go:162.55,164.3 1 0
github.com/driangle/vibeview/internal/settings/settings.go:165.2,165.62 1 0
github.com/driangle/vibeview/internal/settings/settings.go:165.62,167.3 1 0
github.com/driangle/vibeview/internal/settings/settings.go:169.2,169.20 1 0
github.com/driangle/vibeview/internal/settings/settings.go:169.20,171.3 1 0
github.com/driangle/vibeview/internal/settings/settings.go:172.2,172.13 1 0
github.com/driangle/vibeview/internal/settings/settings.go:177.69,180.16 2 1
github.com/driangle/vibeview/internal/settings/settings.go:180.16,182.3 1 0
github.com/driangle/vibeview/internal/settings/settings.go:184.2,185.57 2 1
github.com/driangle/vibeview/internal/settings/settings.go:185.57,187.3 1 0
github.com/driangle/vibeview/internal/settings/settings.go:190.2,191.62 2 1
github.com/driangle/vibeview/internal/settings/settings.go:191.62,193.3 1 0
github.com/driangle/vibeview/internal/settings/settings.go:196.2,196.28 1 1
github.com/driangle/vibeview/internal/settings/settings.go:196.28,198.3 1 1
github.com/driangle/vibeview/internal/settings/settings.go:201.2,202.16 2 1
github.com/driangle/vibeview/internal/settings/settings.go:202.16,204.3 1 0
github.com/driangle/vibeview/internal/settings/settings.go:206.2,207.59 2 1
github.com/driangle/vibeview/internal/settings/settings.go:207.59,209.3 1 0
github.com/driangle/vibeview/internal/settings/settings.go:211.2,211.38 1 1
github.com/driangle/vibeview/internal/settings/settings.go:211.38,213.3 1 0
github.com/driangle/vibeview/internal/settings/settings.go:215.2,215.20 1 1
github.com/driangle/vibeview/internal/logutil/logutil.go:21.33,22.47 1 0
github.com/driangle/vibeview/internal/logutil/logutil.go:23.15,24.20 1 0
github.com/driangle/vibeview/internal/logutil/logutil.go:25.14,26.19 1 0
github.com/driangle/vibeview/internal/logutil/logutil.go:27.15,28.20 1 0
github.com/driangle/vibeview/internal/logutil/logutil.go:29.10,30.19 1 0
github.com/driangle/vibeview/internal/logutil/logutil.go:34.32,35.11 1 0
github.com/driangle/vibeview/internal/logutil/logutil.go:36.18,37.17 1 0
github.com/driangle/vibeview/internal/logutil/logutil.go:38.17,39.16 1 0
github.com/driangle/vibeview/internal/logutil/logutil.go:40.18,41.17 1 0
github.com/driangle/vibeview/internal/logutil/logutil.go:42.10,43.19 1 0
github.com/driangle/vibeview/internal/logutil/logutil.go:53.24,57.2 3 0
github.com/driangle/vibeview/internal/logutil/logutil.go:60.23,64.2 3 0
github.com/driangle/vibeview/internal/logutil/logutil.go:66.56,70.13 4 0
github.com/driangle/vibeview/internal/logutil/logutil.go:70.13,72.3 1 0
github.com/driangle/vibeview/internal/logutil/logutil.go:73.2,74.49 2 0
github.com/driangle/vibeview/internal/logutil/logutil.go:78.41,78.87 1 0
github.com/driangle/vibeview/internal/logutil/logutil.go:81.40,81.84 1 0
github.com/driangle/vibeview/internal/logutil/logutil.go:84.41,84.87 1 0
github.com/driangle/vibeview/internal/watcher/broker.go:52.140,54.19 2 1
github.com/driangle/vibeview/internal/watcher/broker.go:54.19,56.26 2 0
github.com/driangle/vibeview/internal/watcher/broker.go:56.26,58.4 1 0
github.com/driangle/vibeview/internal/watcher/broker.go:61.2,73.17 2 1
github.com/driangle/vibeview/internal/watcher/broker.go:73.17,74.49 1 1
github.com/driangle/vibeview/internal/watcher/broker.go:74.49,76.4 1 0
github.com/driangle/vibeview/internal/watcher/broker.go:79.2,81.15 2 1
github.com/driangle/vibeview/internal/watcher/broker.go:86.63,97.31 5 1
github.com/driangle/vibeview/internal/watcher/broker.go:97.31,99.3 1 1
github.com/driangle/vibeview/internal/watcher/broker.go:100.2,100.30 1 1
github.com/driangle/vibeview/internal/watcher/broker.go:100.30,102.3 1 0
github.com/driangle/vibeview/internal/watcher/broker.go:104.2,104.33 1 1
github.com/driangle/vibeview/internal/watcher/broker.go:104.33,106.3 1 1
github.com/driangle/vibeview/internal/watcher/broker.go:109.2,109.55 1 1
github.com/driangle/vibeview/internal/watcher/broker.go:109.55,111.3 1 0
github.com/driangle/vibeview/internal/watcher/broker.go:114.2,114.40 1 1
github.com/driangle/vibeview/internal/watcher/broker.go:114.40,115.50 1 1
github.com/driangle/vibeview/internal/watcher/broker.go:115.50,118.4 2 0
github.com/driangle/vibeview/internal/watcher/broker.go:121.2,123.15 2 1
github.com/driangle/vibeview/internal/watcher/broker.go:127.41,132.20 4 1
github.com/driangle/vibeview/internal/watcher/broker.go:132.20,134.3 1 0
github.com/driangle/vibeview/internal/watcher/broker.go:135.2,137.23 2 1
github.com/driangle/vibeview/internal/watcher/broker.go:137.23,140.47 3 1
github.com/driangle/vibeview/internal/watcher/broker.go:140.47,143.4 2 1
github.com/driangle/vibeview/internal/watcher/broker.go:148.32,149.19 1 1
github.com/driangle/vibeview/internal/watcher/broker.go:149.19,151.3 1 1
github.com/driangle/vibeview/internal/watcher/broker.go:153.2,156.30 3 1
github.com/driangle/vibeview/internal/watcher/broker.go:156.30,158.3 1 0
github.com/driangle/vibeview/internal/watcher/broker.go:160.2,160.29 1 1
github.com/driangle/vibeview/internal/watcher/broker.go:160.29,162.3 1 1
github.com/driangle/vibeview/internal/watcher/broker.go:164.2,164.12 1 1
github.com/driangle/vibeview/internal/watcher/broker.go:167.54,169.17 2 1
github.com/driangle/vibeview/internal/watcher/broker.go:169.17,171.3 1 0
github.com/driangle/vibeview/internal/watcher/broker.go:173.2,174.16 2 1
github.com/driangle/vibeview/internal/watcher/broker.go:174.16,176.3 1 0
github.com/driangle/vibeview/internal/watcher/broker.go:177.2,177.67 1 1
github.com/driangle/vibeview/internal/watcher/broker.go:177.67,179.3 1 0
github.com/driangle/vibeview/internal/watcher/broker.go:180.2,181.16 2 1
github.com/driangle/vibeview/internal/watcher/broker.go:181.16,183.3 1 0
github.com/driangle/vibeview/internal/watcher/broker.go:185.2,187.12 2 1
github.com/driangle/vibeview/internal/watcher/broker.go:187.12,188.38 1 1
github.com/driangle/vibeview/internal/watcher/broker.go:188.38,190.74 1 1
github.com/driangle/vibeview/internal/watcher/broker.go:190.74,192.5 1 0
github.com/driangle/vibeview/internal/watcher/broker.go:195.4,195.73 1 1
github.com/driangle/vibeview/internal/watcher/broker.go:195.73,200.5 4 1
github.com/driangle/vibeview/internal/watcher/broker.go:202.4,203.18 2 1
github.com/driangle/vibeview/internal/watcher/broker.go:203.18,204.13 1 0
github.com/driangle/vibeview/internal/watcher/broker.go:206.4,209.45 3 1
github.com/driangle/vibeview/internal/watcher/broker.go:209.45,210.12 1 1
github.com/driangle/vibeview/internal/watcher/broker.go:211.33,211.33 0 1
github.com/driangle/vibeview/internal/watcher/broker.go:212.13,212.13 0 0
github.com/driangle/vibeview/internal/watcher/broker.go:216.4,216.17 1 1
github.com/driangle/vibeview/internal/watcher/broker.go:220.2,220.12 1 1
github.com/driangle/vibeview/internal/watcher/broker.go:220.12,221.36 1 1
github.com/driangle/vibeview/internal/watcher/broker.go:221.36,226.45 4 0
github.com/driangle/vibeview/internal/watcher/broker.go:226.45,227.12 1 0
github.com/driangle/vibeview/internal/watcher/broker.go:228.33,228.33 0 0
github.com/driangle/vibeview/internal/watcher/broker.go:229.13,229.13 0 0
github.com/driangle/vibeview/internal/watcher/broker.go:232.4,232.17 1 0
github.com/driangle/vibeview/internal/watcher/broker.go:236.2,236.12 1 1
github.com/driangle/vibeview/internal/watcher/broker.go:239.46,242.16 3 1
github.com/driangle/vibeview/internal/watcher/broker.go:242.16,245.3 1 0
github.com/driangle/vibeview/internal/watcher/broker.go:246.2,246.37 1 1
github.com/driangle/vibeview/internal/watcher/broker.go:246.37,248.3 1 0
github.com/driangle/vibeview/internal/watcher/broker.go:250.2,251.16 2 1
github.com/driangle/vibeview/internal/watcher/broker.go:251.16,253.3 1 0
github.com/driangle/vibeview/internal/watcher/broker.go:255.2,255.43 1 1
github.com/driangle/vibeview/internal/watcher/broker.go:255.43,258.3 2 0
github.com/driangle/vibeview/internal/watcher/broker.go:260.2,263.12 3 1
github.com/driangle/vibeview/internal/watcher/broker.go:263.12,265.7 2 1
github.com/driangle/vibeview/internal/watcher/broker.go:265.7,266.11 1 1
github.com/driangle/vibeview/internal/watcher/broker.go:267.18,268.11 1 1
github.com/driangle/vibeview/internal/watcher/broker.go:269.33,270.12 1 1
github.com/driangle/vibeview/internal/watcher/broker.go:270.12,272.6 1 0
github.com/driangle/vibeview/internal/watcher/broker.go:273.5,273.34 1 1
github.com/driangle/vibeview/internal/watcher/broker.go:273.34,275.6 1 1
github.com/driangle/vibeview/internal/watcher/broker.go:276.29,277.12 1 0
github.com/driangle/vibeview/internal/watcher/broker.go:277.12,279.6 1 0
github.com/driangle/vibeview/internal/watcher/broker.go:284.2,284.12 1 1
github.com/driangle/vibeview/internal/watcher/broker.go:287.73,289.16 2 1
github.com/driangle/vibeview/internal/watcher/broker.go:289.16,291.3 1 0
github.com/driangle/vibeview/internal/watcher/broker.go:292.2,297.16 3 1
github.com/driangle/vibeview/internal/watcher/broker.go:297.16,299.3 1 0
github.com/driangle/vibeview/internal/watcher/broker.go:300.2,300.26 1 1
github.com/driangle/vibeview/internal/watcher/broker.go:300.26,303.3 2 0
github.com/driangle/vibeview/internal/watcher/broker.go:305.2,305.45 1 1
github.com/driangle/vibeview/internal/watcher/broker.go:305.45,307.3 1 0
github.com/driangle/vibeview/internal/watcher/broker.go:309.2,313.21 4 1
github.com/driangle/vibeview/internal/watcher/broker.go:313.21,316.21 3 1
github.com/driangle/vibeview/internal/watcher/broker.go:316.21,317.12 1 0
github.com/driangle/vibeview/internal/watcher/broker.go:319.3,320.17 2 1
github.com/driangle/vibeview/internal/watcher/broker.go:320.17,322.12 2 0
github.com/driangle/vibeview/internal/watcher/broker.go:326.3,326.22 1 1
github.com/driangle/vibeview/internal/watcher/broker.go:326.22,328.39 2 0
github.com/driangle/vibeview/internal/watcher/broker.go:328.39,329.13 1 0
github.com/driangle/vibeview/internal/watcher/broker.go:333.3,334.41 2 1
github.com/driangle/vibeview/internal/watcher/broker.go:337.2,337.26 1 1
github.com/driangle/vibeview/internal/watcher/broker.go:337.26,339.3 1 0
github.com/driangle/vibeview/internal/watcher/broker.go:341.2,343.29 2 1
github.com/driangle/vibeview/internal/watcher/broker.go:343.29,345.3 1 0
github.com/driangle/vibeview/internal/watcher/broker.go:346.2,346.18 1 1
github.com/driangle/vibeview/internal/watcher/broker.go:349.53,351.31 2 1
github.com/driangle/vibeview/internal/watcher/broker.go:351.31,352.10 1 1
github.com/driangle/vibeview/internal/watcher/broker.go:353.17,354.10 1 1
github.com/driangle/vibeview/internal/watcher/broker.go:355.28,355.28 0 0
github.com/driangle/vibeview/internal/watcher/broker.go:357.3,357.52 1 0
github.com/driangle/vibeview/internal/watcher/broker.go:357.52,359.4 1 0
github.com/driangle/vibeview/internal/watcher/broker.go:369.29,373.6 3 1
github.com/driangle/vibeview/internal/watcher/broker.go:373.6,374.10 1 1
github.com/driangle/vibeview/internal/watcher/broker.go:375.17,376.10 1 1
github.com/driangle/vibeview/internal/watcher/broker.go:377.19,383.52 5 0
github.com/driangle/vibeview/internal/watcher/broker.go:383.52,384.45 1 0
github.com/driangle/vibeview/internal/watcher/broker.go:384.45,388.6 3 0
github.com/driangle/vibeview/internal/watcher/broker.go:391.4,391.27 1 0
github.com/driangle/vibeview/internal/watcher/broker.go:391.27,392.44 1 0
github.com/driangle/vibeview/internal/watcher/broker.go:392.44,393.49 1 0
github.com/driangle/vibeview/internal/watcher/broker.go:393.49,397.7 3 0
github.com/driangle/vibeview/internal/watcher/broker.go:401.4,401.44 1 0
github.com/driangle/vibeview/internal/watcher/broker.go:401.44,406.46 2 0
github.com/driangle/vibeview/internal/watcher/broker.go:406.46,407.13 1 0
github.com/driangle/vibeview/internal/watcher/broker.go:408.38,408.38 0 0
github.com/driangle/vibeview/internal/watcher/broker.go:409.14,409.14 0 0
github.com/driangle/vibeview/internal/watcher/broker.go:413.4,413.38 1 0
github.com/driangle/vibeview/internal/watcher/broker.go:413.38,414.33 1 0
github.com/driangle/vibeview/internal/watcher/broker.go:414.33,415.13 1 0
github.com/driangle/vibeview/internal/watcher/broker.go:416.34,416.34 0 0
github.com/driangle/vibeview/internal/watcher/broker.go:417.14,417.14 0 0
github.com/driangle/vibeview/internal/watcher/broker.go:421.4,421.17 1 0
github.com/driangle/vibeview/internal/watcher/broker.go:438.54,440.32 2 1
github.com/driangle/vibeview/internal/watcher/broker.go:440.32,442.3 1 1
github.com/driangle/vibeview/internal/watcher/broker.go:443.2,452.3 1 1
github.com/driangle/vibeview/internal/watcher/tailer.go:30.46,32.16 2 1
github.com/driangle/vibeview/internal/watcher/tailer.go:32.16,34.3 1 0
github.com/driangle/vibeview/internal/watcher/tailer.go:36.2,37.16 2 1
github.com/driangle/vibeview/internal/watcher/tailer.go:37.16,39.3 1 0
github.com/driangle/vibeview/internal/watcher/tailer.go:41.2,41.36 1 1
github.com/driangle/vibeview/internal/watcher/tailer.go:41.36,44.3 2 0
github.com/driangle/vibeview/internal/watcher/tailer.go:46.2,56.15 4 1
github.com/driangle/vibeview/internal/watcher/tailer.go:60.51,62.2 1 1
github.com/driangle/vibeview/internal/watcher/tailer.go:65.40,67.2 1 1
github.com/driangle/vibeview/internal/watcher/tailer.go:70.32,71.19 1 1
github.com/driangle/vibeview/internal/watcher/tailer.go:71.19,73.3 1 1
github.com/driangle/vibeview/internal/watcher/tailer.go:74.2,74.26 1 1
github.com/driangle/vibeview/internal/watcher/tailer.go:77.25,81.6 3 1
github.com/driangle/vibeview/internal/watcher/tailer.go:81.6,82.10 1 1
github.com/driangle/vibeview/internal/watcher/tailer.go:83.17,84.10 1 1
github.com/driangle/vibeview/internal/watcher/tailer.go:85.40,86.11 1 1
github.com/driangle/vibeview/internal/watcher/tailer.go:86.11,88.5 1 1
github.com/driangle/vibeview/internal/watcher/tailer.go:89.4,89.33 1 1
github.com/driangle/vibeview/internal/watcher/tailer.go:89.33,91.5 1 1
github.com/driangle/vibeview/internal/watcher/tailer.go:92.38,93.11 1 0
github.com/driangle/vibeview/internal/watcher/tailer.go:93.11,95.5 1 0
github.com/driangle/vibeview/internal/watcher/tailer.go:96.4,97.56 2 0
github.com/driangle/vibeview/internal/watcher/tailer.go:102.39,103.9 1 0
github.com/driangle/vibeview/internal/watcher/tailer.go:104.22,104.22 0 0
github.com/driangle/vibeview/internal/watcher/tailer.go:105.10,105.10 0 0
github.com/driangle/vibeview/internal/watcher/tailer.go:109.33,111.16 2 1
github.com/driangle/vibeview/internal/watcher/tailer.go:111.16,115.3 3 0
github.com/driangle/vibeview/internal/watcher/tailer.go:116.2,119.63 3 1
github.com/driangle/vibeview/internal/watcher/tailer.go:119.63,123.3 3 0
github.com/driangle/vibeview/internal/watcher/tailer.go:125.2,129.21 4 1
github.com/driangle/vibeview/internal/watcher/tailer.go:129.21,132.21 3 1
github.com/driangle/vibeview/internal/watcher/tailer.go:132.21,133.12 1 0
github.com/driangle/vibeview/internal/watcher/tailer.go:135.3,136.17 2 1
github.com/driangle/vibeview/internal/watcher/tailer.go:136.17,137.12 1 0
github.com/driangle/vibeview/internal/watcher/tailer.go:139.3,139.10 1 1
github.com/driangle/vibeview/internal/watcher/tailer.go:140.23,140.23 0 1
github.com/driangle/vibeview/internal/watcher/tailer.go:141.17,142.10 1 0
github.com/driangle/vibeview/internal/watcher/tailer.go:146.2,146.38 1 1
github.com/driangle/vibeview/internal/watcher/tailer.go:146.38,150.3 3 0
github.com/driangle/vibeview/internal/watcher/tailer.go:152.2,152.47 1 1
github.com/driangle/vibeview/internal/logutil/logutil.go:21.33,22.47 1 0
github.com/driangle/vibeview/internal/logutil/logutil.go:23.15,24.20 1 0
github.com/driangle/vibeview/internal/logutil/logutil.go:25.14,26.19 1 0
github.com/driangle/vibeview/internal/logutil/logutil.go:27.15,28.20 1 0
github.com/driangle/vibeview/internal/logutil/logutil.go:29.10,30.19 1 0
github.com/driangle/vibeview/internal/logutil/logutil.go:34.32,35.11 1 0
github.com/driangle/vibeview/internal/logutil/logutil.go:36.18,37.17 1 0
github.com/driangle/vibeview/internal/logutil/logutil.go:38.17,39.16 1 0
github.com/driangle/vibeview/internal/logutil/logutil.go:40.18,41.17 1 0
github.com/driangle/vibeview/internal/logutil/logutil.go:42.10,43.19 1 0
github.com/driangle/vibeview/internal/logutil/logutil.go:53.24,57.2 3 0
github.com/driangle/vibeview/internal/logutil/logutil.go:60.23,64.2 3 0
github.com/driangle/vibeview/internal/logutil/logutil.go:66.56,70.13 4 1
github.com/driangle/vibeview/internal/logutil/logutil.go:70.13,72.3 1 1
github.com/driangle/vibeview/internal/logutil/logutil.go:73.2,74.49 2 1
github.com/driangle/vibeview/internal/logutil/logutil.go:78.41,78.87 1 1
github.com/driangle/vibeview/internal/logutil/logutil.go:81.40,81.84 1 1
github.com/driangle/vibeview/internal/logutil/logutil.go:84.41,84.87 1 0
github.com/driangle/vibeview/internal/session/activity.go:20.60,21.24 1 1
github.com/driangle/vibeview/internal/session/activity.go:21.24,23.3 1 0
github.com/driangle/vibeview/internal/session/activity.go:26.2,27.88 2 1
github.com/driangle/vibeview/internal/session/activity.go:27.88,29.3 1 1
github.com/driangle/vibeview/internal/session/activity.go:32.2,32.42 1 0
github.com/driangle/vibeview/internal/session/activity.go:32.42,35.19 2 0
github.com/driangle/vibeview/internal/session/activity.go:36.36,37.26 1 0
github.com/driangle/vibeview/internal/session/activity.go:37.26,38.13 1 0
github.com/driangle/vibeview/internal/session/activity.go:40.4,40.39 1 0
github.com/driangle/vibeview/internal/session/activity.go:40.39,42.44 1 0
github.com/driangle/vibeview/internal/session/activity.go:42.44,44.6 1 0
github.com/driangle/vibeview/internal/session/activity.go:45.5,45.27 1 0
github.com/driangle/vibeview/internal/session/activity.go:48.4,48.34 1 0
github.com/driangle/vibeview/internal/session/activity.go:50.31,51.64 1 0
github.com/driangle/vibeview/internal/session/activity.go:51.64,53.5 1 0
github.com/driangle/vibeview/internal/session/activity.go:55.4,55.26 1 0
github.com/driangle/vibeview/internal/session/activity.go:57.35,58.26 1 0
github.com/driangle/vibeview/internal/session/activity.go:60.33,61.23 1 0
github.com/driangle/vibeview/internal/session/activity.go:64.103,65.12 1 0
github.com/driangle/vibeview/internal/session/activity.go:69.2,69.21 1 0
github.com/driangle/vibeview/internal/session/activity.go:74.64,75.18 1 0
github.com/driangle/vibeview/internal/session/activity.go:76.35,77.60 1 0
github.com/driangle/vibeview/internal/session/activity.go:77.60,79.4 1 0
github.com/driangle/vibeview/internal/session/activity.go:80.3,80.33 1 0
github.com/driangle/vibeview/internal/session/activity.go:82.30,83.63 1 0
github.com/driangle/vibeview/internal/session/activity.go:83.63,85.4 1 0
github.com/driangle/vibeview/internal/session/activity.go:86.3,86.25 1 0
github.com/driangle/vibeview/internal/session/activity.go:88.34,89.25 1 0
github.com/driangle/vibeview/internal/session/activity.go:91.32,92.22 1 0
github.com/driangle/vibeview/internal/session/activity.go:94.10,95.12 1 0
github.com/driangle/vibeview/internal/session/activity.go:99.60,100.42 1 1
github.com/driangle/vibeview/internal/session/activity.go:100.42,101.50 1 1
github.com/driangle/vibeview/internal/session/activity.go:101.50,103.4 1 1
github.com/driangle/vibeview/internal/session/activity.go:105.2,105.10 1 0
github.com/driangle/vibeview/internal/session/activity.go:108.52,109.27 1 0
github.com/driangle/vibeview/internal/session/activity.go:109.27,110.27 1 0
github.com/driangle/vibeview/internal/session/activity.go:110.27,112.4 1 0
github.com/driangle/vibeview/internal/session/activity.go:114.2,114.14 1 0
github.com/driangle/vibeview/internal/session/activity.go:117.55,118.27 1 0
github.com/driangle/vibeview/internal/session/activity.go:118.27,119.30 1 0
github.com/driangle/vibeview/internal/session/activity.go:119.30,121.4 1 0
github.com/driangle/vibeview/internal/session/activity.go:123.2,123.14 1 0
github.com/driangle/vibeview/internal/session/activity.go:127.78,128.52 1 0
github.com/driangle/vibeview/internal/session/activity.go:128.52,130.101 2 0
github.com/driangle/vibeview/internal/session/activity.go:130.101,132.4 1 0
github.com/driangle/vibeview/internal/session/activity.go:134.2,134.14 1 0
github.com/driangle/vibeview/internal/session/session.go:61.55,65.2 3 1
github.com/driangle/vibeview/internal/session/session.go:69.47,73.33 4 1
github.com/driangle/vibeview/internal/session/session.go:73.33,74.24 1 1
github.com/driangle/vibeview/internal/session/session.go:74.24,76.4 1 1
github.com/driangle/vibeview/internal/session/session.go:78.2,78.12 1 1
github.com/driangle/vibeview/internal/session/session.go:82.55,85.30 3 0
github.com/driangle/vibeview/internal/session/session.go:85.30,86.38 1 0
github.com/driangle/vibeview/internal/session/session.go:86.38,89.4 2 0
github.com/driangle/vibeview/internal/session/session.go:91.2,91.12 1 0
github.com/driangle/vibeview/internal/session/session.go:95.52,98.30 3 0
github.com/driangle/vibeview/internal/session/session.go:98.30,99.38 1 0
github.com/driangle/vibeview/internal/session/session.go:99.38,102.4 2 0
github.com/driangle/vibeview/internal/session/session.go:107.54,110.30 3 0
github.com/driangle/vibeview/internal/session/session.go:110.30,111.38 1 0
github.com/driangle/vibeview/internal/session/session.go:111.38,114.4 2 0
github.com/driangle/vibeview/internal/session/session.go:122.64,125.16 3 1
github.com/driangle/vibeview/internal/session/session.go:125.16,127.3 1 1
github.com/driangle/vibeview/internal/session/session.go:128.2,131.16 3 1
github.com/driangle/vibeview/internal/session/session.go:131.16,133.3 1 0
github.com/driangle/vibeview/internal/session/session.go:134.2,134.34 1 1
github.com/driangle/vibeview/internal/session/session.go:134.34,136.3 1 0
github.com/driangle/vibeview/internal/session/session.go:139.2,144.32 4 1
github.com/driangle/vibeview/internal/session/session.go:144.32,145.47 1 1
github.com/driangle/vibeview/internal/session/session.go:145.47,146.12 1 0
github.com/driangle/vibeview/internal/session/session.go:148.3,153.51 2 1
github.com/driangle/vibeview/internal/session/session.go:153.51,154.49 1 0
github.com/driangle/vibeview/internal/session/session.go:154.49,156.5 1 0
github.com/driangle/vibeview/internal/session/session.go:157.9,160.4 2 1
github.com/driangle/vibeview/internal/session/session.go:164.2,164.43 1 1
github.com/driangle/vibeview/internal/session/session.go:164.43,166.3 1 1
github.com/driangle/vibeview/internal/session/session.go:168.2,168.40 1 1
github.com/driangle/vibeview/internal/session/session.go:176.71,177.20 1 1
github.com/driangle/vibeview/internal/session/session.go:177.20,179.3 1 1
github.com/driangle/vibeview/internal/session/session.go:181.2,183.16 3 0
github.com/driangle/vibeview/internal/session/session.go:183.16,186.3 2 0
github.com/driangle/vibeview/internal/session/session.go:188.2,189.25 2 0
github.com/driangle/vibeview/internal/session/session.go:189.25,191.33 2 0
github.com/driangle/vibeview/internal/session/session.go:191.33,192.22 1 0
github.com/driangle/vibeview/internal/session/session.go:192.22,193.13 1 0
github.com/driangle/vibeview/internal/session/session.go:195.4,199.85 3 0
github.com/driangle/vibeview/internal/session/session.go:199.85,202.5 2 0
github.com/driangle/vibeview/internal/session/session.go:204.3,204.15 1 0
github.com/driangle/vibeview/internal/session/session.go:204.15,206.4 1 0
github.com/driangle/vibeview/internal/session/session.go:208.2,208.15 1 0
github.com/driangle/vibeview/internal/session/session.go:213.72,214.19 1 1
github.com/driangle/vibeview/internal/session/session.go:214.19,216.3 1 1
github.com/driangle/vibeview/internal/session/session.go:217.2,219.11 3 0
github.com/driangle/vibeview/internal/session/session.go:228.44,235.2 5 1
github.com/driangle/vibeview/internal/session/session.go:239.52,244.15 4 0
github.com/driangle/vibeview/internal/session/session.go:244.15,246.3 1 0
github.com/driangle/vibeview/internal/session/session.go:247.2,247.12 1 0
github.com/driangle/vibeview/internal/session/session.go:247.12,249.3 1 0
github.com/driangle/vibeview/internal/session/session.go:251.2,256.51 5 0
github.com/driangle/vibeview/internal/session/session.go:259.106,266.58 2 1
github.com/driangle/vibeview/internal/session/session.go:266.58,268.15 2 1
github.com/driangle/vibeview/internal/session/session.go:268.15,270.4 1 1
github.com/driangle/vibeview/internal/session/session.go:272.3,273.44 2 1
github.com/driangle/vibeview/internal/session/session.go:273.44,274.45 1 1
github.com/driangle/vibeview/internal/session/session.go:274.45,276.13 2 0
github.com/driangle/vibeview/internal/session/session.go:278.4,279.18 2 1
github.com/driangle/vibeview/internal/session/session.go:279.18,282.13 3 0
github.com/driangle/vibeview/internal/session/session.go:284.4,284.50 1 1
github.com/driangle/vibeview/internal/session/session.go:284.50,287.13 3 1
github.com/driangle/vibeview/internal/session/session.go:289.4,289.91 1 1
github.com/driangle/vibeview/internal/session/session.go:293.3,294.29 2 1
github.com/driangle/vibeview/internal/session/session.go:294.29,295.18 1 1
github.com/driangle/vibeview/internal/session/session.go:295.18,297.10 2 1
github.com/driangle/vibeview/internal/session/session.go:300.3,300.17 1 1
github.com/driangle/vibeview/internal/session/session.go:300.17,301.12 1 0
github.com/driangle/vibeview/internal/session/session.go:305.3,306.29 2 1
github.com/driangle/vibeview/internal/session/session.go:306.29,308.16 2 1
github.com/driangle/vibeview/internal/session/session.go:308.16,310.5 1 1
github.com/driangle/vibeview/internal/session/session.go:310.10,312.5 1 1
github.com/driangle/vibeview/internal/session/session.go:315.3,315.16 1 1
github.com/driangle/vibeview/internal/session/session.go:315.16,317.35 2 1
github.com/driangle/vibeview/internal/session/session.go:317.35,318.26 1 1
github.com/driangle/vibeview/internal/session/session.go:318.26,320.6 1 1
github.com/driangle/vibeview/internal/session/session.go:322.4,322.27 1 1
github.com/driangle/vibeview/internal/session/session.go:324.3,324.18 1 1
github.com/driangle/vibeview/internal/session/session.go:330.92,332.16 2 1
github.com/driangle/vibeview/internal/session/session.go:332.16,334.3 1 0
github.com/driangle/vibeview/internal/session/session.go:335.2,336.16 2 1
github.com/driangle/vibeview/internal/session/session.go:336.16,338.3 1 0
github.com/driangle/vibeview/internal/session/session.go:339.2,345.31 5 1
github.com/driangle/vibeview/internal/session/session.go:345.31,346.68 1 1
github.com/driangle/vibeview/internal/session/session.go:346.68,347.51 1 1
github.com/driangle/vibeview/internal/session/session.go:347.51,349.5 1 1
github.com/driangle/vibeview/internal/session/session.go:350.4,350.32 1 1
github.com/driangle/vibeview/internal/session/session.go:350.32,358.79 8 1
github.com/driangle/vibeview/internal/session/session.go:358.79,359.43 1 1
github.com/driangle/vibeview/internal/session/session.go:359.43,362.7 2 1
github.com/driangle/vibeview/internal/session/session.go:366.3,366.73 1 1
github.com/driangle/vibeview/internal/session/session.go:366.73,368.4 1 0
github.com/driangle/vibeview/internal/session/session.go:372.3,372.67 1 1
github.com/driangle/vibeview/internal/session/session.go:372.67,374.4 1 1
github.com/driangle/vibeview/internal/session/session.go:376.2,376.35 1 1
github.com/driangle/vibeview/internal/session/session.go:376.35,378.3 1 1
github.com/driangle/vibeview/internal/session/session.go:380.2,380.31 1 1
github.com/driangle/vibeview/internal/session/session.go:380.31,381.78 1 1
github.com/driangle/vibeview/internal/session/session.go:381.78,382.46 1 1
github.com/driangle/vibeview/internal/session/session.go:382.46,383.49 1 1
github.com/driangle/vibeview/internal/session/session.go:383.49,385.11 2 1
github.com/driangle/vibeview/internal/session/session.go:388.4,388.9 1 1
github.com/driangle/vibeview/internal/session/session.go:392.2,395.58 2 1
github.com/driangle/vibeview/internal/session/session.go:395.58,396.46 1 0
github.com/driangle/vibeview/internal/session/session.go:396.46,398.4 1 0
github.com/driangle/vibeview/internal/session/session.go:401.2,401.13 1 1
github.com/driangle/vibeview/internal/session/session.go:406.76,407.62 1 1
github.com/driangle/vibeview/internal/session/session.go:407.62,409.3 1 1
github.com/driangle/vibeview/internal/session/session.go:410.2,411.79 2 1
github.com/driangle/vibeview/internal/session/session.go:416.74,420.30 3 0
github.com/driangle/vibeview/internal/session/session.go:420.30,421.45 1 0
github.com/driangle/vibeview/internal/session/session.go:421.45,422.12 1 0
github.com/driangle/vibeview/internal/session/session.go:424.3,426.35 3 0
github.com/driangle/vibeview/internal/session/session.go:428.2,428.14 1 0
github.com/driangle/vibeview/internal/session/session.go:432.75,436.33 3 0
github.com/driangle/vibeview/internal/session/session.go:436.33,437.37 1 0
github.com/driangle/vibeview/internal/session/session.go:437.37,439.4 1 0
github.com/driangle/vibeview/internal/session/session.go:441.2,446.61 2 0
github.com/driangle/vibeview/internal/session/session.go:450.63,454.33 4 1
github.com/driangle/vibeview/internal/session/session.go:454.33,455.41 1 1
github.com/driangle/vibeview/internal/session/session.go:455.41,457.4 1 1
github.com/driangle/vibeview/internal/session/session.go:459.2,459.15 1 1
github.com/driangle/vibeview/internal/session/session.go:465.74,466.25 1 1
github.com/driangle/vibeview/internal/session/session.go:466.25,468.3 1 0
github.com/driangle/vibeview/internal/session/session.go:469.2,469.65 1 1
github.com/driangle/vibeview/internal/session/session.go:478.52,480.26 2 1
github.com/driangle/vibeview/internal/session/session.go:480.26,482.17 2 1
github.com/driangle/vibeview/internal/session/session.go:482.17,484.12 2 0
github.com/driangle/vibeview/internal/session/session.go:486.3,487.17 2 1
github.com/driangle/vibeview/internal/session/session.go:487.17,489.12 2 0
github.com/driangle/vibeview/internal/session/session.go:491.3,491.38 1 1
github.com/driangle/vibeview/internal/session/session.go:491.38,493.12 2 0
github.com/driangle/vibeview/internal/session/session.go:495.3,495.19 1 1
github.com/driangle/vibeview/internal/session/session.go:495.19,497.76 2 1
github.com/driangle/vibeview/internal/session/session.go:497.76,498.19 1 1
github.com/driangle/vibeview/internal/session/session.go:498.19,500.6 1 0
github.com/driangle/vibeview/internal/session/session.go:502.5,502.37 1 1
github.com/driangle/vibeview/internal/session/session.go:502.37,503.19 1 1
github.com/driangle/vibeview/internal/session/session.go:503.19,505.7 1 0
github.com/driangle/vibeview/internal/session/session.go:506.6,506.16 1 1
github.com/driangle/vibeview/internal/session/session.go:509.5,510.42 2 1
github.com/driangle/vibeview/internal/session/session.go:510.42,512.6 1 1
github.com/driangle/vibeview/internal/session/session.go:513.5,513.60 1 1
github.com/driangle/vibeview/internal/session/session.go:513.60,515.6 1 1
github.com/driangle/vibeview/internal/session/session.go:516.5,516.15 1 1
github.com/driangle/vibeview/internal/session/session.go:518.9,520.4 1 0
github.com/driangle/vibeview/internal/session/session.go:523.2,524.26 2 1
github.com/driangle/vibeview/internal/session/session.go:524.26,526.17 2 1
github.com/driangle/vibeview/internal/session/session.go:526.17,528.12 2 0
github.com/driangle/vibeview/internal/session/session.go:530.3,530.36 1 1
github.com/driangle/vibeview/internal/session/session.go:533.2,533.43 1 1
github.com/driangle/vibeview/internal/session/session.go:533.43,535.3 1 0
github.com/driangle/vibeview/internal/session/session.go:537.2,537.40 1 1
github.com/driangle/vibeview/internal/session/session.go:541.60,543.16 2 1
github.com/driangle/vibeview/internal/session/session.go:543.16,545.3 1 0
github.com/driangle/vibeview/internal/session/session.go:546.2,549.16 3 1
github.com/driangle/vibeview/internal/session/session.go:549.16,551.3 1 0
github.com/driangle/vibeview/internal/session/session.go:552.2,552.24 1 1
github.com/driangle/vibeview/internal/session/session.go:552.24,554.3 1 0
github.com/driangle/vibeview/internal/session/session.go:557.2,558.31 2 1
github.com/driangle/vibeview/internal/session/session.go:558.31,559.26 1 1
github.com/driangle/vibeview/internal/session/session.go:559.26,561.9 2 0
github.com/driangle/vibeview/internal/session/session.go:565.2,565.62 1 1
github.com/driangle/vibeview/internal/session/session.go:565.62,567.3 1 0
github.com/driangle/vibeview/internal/session/session.go:569.2,576.50 2 1
github.com/driangle/vibeview/internal/session/session.go:576.50,578.3 1 1
github.com/driangle/vibeview/internal/session/session.go:580.2,581.31 2 1
github.com/driangle/vibeview/internal/session/session.go:581.31,582.68 1 1
github.com/driangle/vibeview/internal/session/session.go:582.68,583.51 1 0
github.com/driangle/vibeview/internal/session/session.go:583.51,585.5 1 0
github.com/driangle/vibeview/internal/session/session.go:586.4,586.32 1 0
github.com/driangle/vibeview/internal/session/session.go:586.32,594.79 8 0
github.com/driangle/vibeview/internal/session/session.go:594.79,595.43 1 0
github.com/driangle/vibeview/internal/session/session.go:595.43,598.7 2 0
github.com/driangle/vibeview/internal/session/session.go:602.3,602.73 1 1
github.com/driangle/vibeview/internal/session/session.go:602.73,604.4 1 0
github.com/driangle/vibeview/internal/session/session.go:605.3,605.67 1 1
github.com/driangle/vibeview/internal/session/session.go:605.67,607.4 1 0
github.com/driangle/vibeview/internal/session/session.go:609.2,609.35 1 1
github.com/driangle/vibeview/internal/session/session.go:609.35,611.3 1 0
github.com/driangle/vibeview/internal/session/session.go:614.2,614.31 1 1
github.com/driangle/vibeview/internal/session/session.go:614.31,615.78 1 1
github.com/driangle/vibeview/internal/session/session.go:615.78,616.46 1 0
github.com/driangle/vibeview/internal/session/session.go:616.46,617.49 1 0
github.com/driangle/vibeview/internal/session/session.go:617.49,619.11 2 0
github.com/driangle/vibeview/internal/session/session.go:622.4,622.9 1 0
github.com/driangle/vibeview/internal/session/session.go:626.2,628.18 2 1
github.com/driangle/vibeview/internal/session/session.go:639.42,641.2 1 1
github.com/driangle/vibeview/internal/session/session.go:645.51,649.25 4 1
github.com/driangle/vibeview/internal/session/session.go:649.25,651.3 1 1
github.com/driangle/vibeview/internal/session/session.go:652.2,653.51 2 1
github.com/driangle/vibeview/internal/session/session.go:653.51,655.3 1 1
github.com/driangle/vibeview/internal/session/session.go:656.2,656.26 1 1
